stack@red:~/devstack$ cd /opt/stack/glance; /opt/stack/glance/bin/glance-api --c onfig-file=/etc/glance/glance-api.conf || touch "/opt/stack/status/stack/g-api.f ailure"
2013-07-25 01:20:19.280 17012 DEBUG glance.store [-] Attempting to import store glance.store.filesystem.Store _get_store_class /opt/stack/glance/glance/store/__init__.py:133
2013-07-25 01:20:19.281 17012 DEBUG glance.store [-] Registering store <class 'glance.store.filesystem.Store'> with schemes ('file', 'filesystem') create_stores /opt/stack/glance/glance/store/__init__.py:163
2013-07-25 01:20:19.281 17012 DEBUG glance.store.base [-] Late loading location class glance.store.filesystem.StoreLocation get_store_location_class /opt/stack/glance/glance/store/base.py:68
2013-07-25 01:20:19.282 17012 DEBUG glance.store.location [-] Registering scheme file with {'store_class': <class 'glance.store.filesystem.Store'>, 'location_class': <class 'glance.store.filesystem.StoreLocation'>} register_scheme_map /opt/stack/glance/glance/store/location.py:85
2013-07-25 01:20:19.282 17012 DEBUG glance.store.location [-] Registering scheme filesystem with {'store_class': <class 'glance.store.filesystem.Store'>, 'location_class': <class 'glance.store.filesystem.StoreLocation'>} register_scheme_map /opt/stack/glance/glance/store/location.py:85
2013-07-25 01:20:19.282 17012 DEBUG glance.store [-] Attempting to import store glance.store.http.Store _get_store_class /opt/stack/glance/glance/store/__init__.py:133
2013-07-25 01:20:19.283 17012 DEBUG glance.store [-] Registering store <class 'glance.store.http.Store'> with schemes ('http', 'https') create_stores /opt/stack/glance/glance/store/__init__.py:163
2013-07-25 01:20:19.283 17012 DEBUG glance.store.base [-] Late loading location class glance.store.http.StoreLocation get_store_location_class /opt/stack/glance/glance/store/base.py:68
2013-07-25 01:20:19.283 17012 DEBUG glance.store.location [-] Registering scheme http with {'store_class': <class 'glance.store.http.Store'>, 'location_class': <class 'glance.store.http.StoreLocation'>} register_scheme_map /opt/stack/glance/glance/store/location.py:85
2013-07-25 01:20:19.283 17012 DEBUG glance.store.location [-] Registering scheme https with {'store_class': <class 'glance.store.http.Store'>, 'location_class': <class 'glance.store.http.StoreLocation'>} register_scheme_map /opt/stack/glance/glance/store/location.py:85
2013-07-25 01:20:19.283 17012 DEBUG glance.store [-] Attempting to import store glance.store.rbd.Store _get_store_class /opt/stack/glance/glance/store/__init__.py:133
2013-07-25 01:20:19.284 17012 DEBUG glance.store [-] Registering store <class 'glance.store.rbd.Store'> with schemes ('rbd',) create_stores /opt/stack/glance/glance/store/__init__.py:163
2013-07-25 01:20:19.284 17012 DEBUG glance.store.base [-] Late loading location class glance.store.rbd.StoreLocation get_store_location_class /opt/stack/glance/glance/store/base.py:68
2013-07-25 01:20:19.284 17012 DEBUG glance.store.location [-] Registering scheme rbd with {'store_class': <class 'glance.store.rbd.Store'>, 'location_class': <class 'glance.store.rbd.StoreLocation'>} register_scheme_map /opt/stack/glance/glance/store/location.py:85
2013-07-25 01:20:19.285 17012 DEBUG glance.store [-] Attempting to import store glance.store.s3.Store _get_store_class /opt/stack/glance/glance/store/__init__.py:133
2013-07-25 01:20:19.285 17012 DEBUG glance.store [-] Registering store <class 'glance.store.s3.Store'> with schemes ('s3', 's3+http', 's3+https') create_stores /opt/stack/glance/glance/store/__init__.py:163
2013-07-25 01:20:19.286 17012 DEBUG glance.store.base [-] Late loading location class glance.store.s3.StoreLocation get_store_location_class /opt/stack/glance/glance/store/base.py:68
2013-07-25 01:20:19.286 17012 DEBUG glance.store.location [-] Registering scheme s3 with {'store_class': <class 'glance.store.s3.Store'>, 'location_class': <class 'glance.store.s3.StoreLocation'>} register_scheme_map /opt/stack/glance/glance/store/location.py:85
2013-07-25 01:20:19.286 17012 DEBUG glance.store.location [-] Registering scheme s3+http with {'store_class': <class 'glance.store.s3.Store'>, 'location_class': <class 'glance.store.s3.StoreLocation'>} register_scheme_map /opt/stack/glance/glance/store/location.py:85
2013-07-25 01:20:19.286 17012 DEBUG glance.store.location [-] Registering scheme s3+https with {'store_class': <class 'glance.store.s3.Store'>, 'location_class': <class 'glance.store.s3.StoreLocation'>} register_scheme_map /opt/stack/glance/glance/store/location.py:85
2013-07-25 01:20:19.286 17012 DEBUG glance.store [-] Attempting to import store glance.store.swift.Store _get_store_class /opt/stack/glance/glance/store/__init__.py:133
2013-07-25 01:20:19.296 17012 DEBUG glance.store [-] Registering store <function Store at 0x9b2c224> with schemes ('swift+https', 'swift', 'swift+http') create_stores /opt/stack/glance/glance/store/__init__.py:163
2013-07-25 01:20:19.296 17012 DEBUG glance.store.base [-] Late loading location class glance.store.swift.StoreLocation get_store_location_class /opt/stack/glance/glance/store/base.py:68
2013-07-25 01:20:19.296 17012 DEBUG glance.store.location [-] Registering scheme swift+https with {'store_class': <function Store at 0x9b2c224>, 'location_class': <class 'glance.store.swift.StoreLocation'>} register_scheme_map /opt/stack/glance/glance/store/location.py:85
2013-07-25 01:20:19.297 17012 DEBUG glance.store.location [-] Registering scheme swift+http with {'store_class': <function Store at 0x9b2c224>, 'location_class': <class 'glance.store.swift.StoreLocation'>} register_scheme_map /opt/stack/glance/glance/store/location.py:85
2013-07-25 01:20:19.297 17012 DEBUG glance.store.location [-] Registering scheme swift with {'store_class': <function Store at 0x9b2c224>, 'location_class': <class 'glance.store.swift.StoreLocation'>} register_scheme_map /opt/stack/glance/glance/store/location.py:85
2013-07-25 01:20:19.297 17012 DEBUG glance.common.config [-] Loading glance-api-keystone+cachemanagement from /etc/glance/glance-api-paste.ini load_paste_app /opt/stack/glance/glance/common/config.py:201
2013-07-25 01:20:19.321 17012 WARNING glance.api.v2.images [-] Could not find schema properties file schema-image.json. Continuing without custom properties
2013-07-25 01:20:19.460 17012 DEBUG glance.notifier [-] Converted strategy alias rabbit to glance.notifier.notify_kombu.RabbitStrategy __init__ /opt/stack/glance/glance/notifier/__init__.py:56
2013-07-25 01:20:19.464 17012 INFO glance.notifier.notify_kombu [-] Connecting to AMQP server on localhost:5672
2013-07-25 01:20:19.509 17012 INFO glance.notifier.notify_kombu [-] Connected to AMQP server on localhost:5672
2013-07-25 01:20:19.522 17012 INFO sqlalchemy.engine.base.Engine [-] SELECT DATABASE()
2013-07-25 01:20:19.522 17012 INFO sqlalchemy.engine.base.Engine [-] ()
2013-07-25 01:20:19.523 17012 DEBUG sqlalchemy.engine.base.Engine [-] Col ('DATABASE()',) __init__ /usr/local/lib/python2.7/dist-packages/sqlalchemy/engine/base.py:2788
2013-07-25 01:20:19.523 17012 DEBUG sqlalchemy.engine.base.Engine [-] Row (u'glance',) process_rows /usr/local/lib/python2.7/dist-packages/sqlalchemy/engine/base.py:3193
2013-07-25 01:20:19.525 17012 INFO sqlalchemy.engine.base.Engine [-] SHOW VARIABLES LIKE 'character_set%%'
2013-07-25 01:20:19.525 17012 INFO sqlalchemy.engine.base.Engine [-] ()
2013-07-25 01:20:19.526 17012 DEBUG sqlalchemy.engine.base.Engine [-] Col ('Variable_name', 'Value') __init__ /usr/local/lib/python2.7/dist-packages/sqlalchemy/engine/base.py:2788
2013-07-25 01:20:19.526 17012 DEBUG sqlalchemy.engine.base.Engine [-] Row (u'character_set_client', u'utf8') process_rows /usr/local/lib/python2.7/dist-packages/sqlalchemy/engine/base.py:3193
2013-07-25 01:20:19.526 17012 DEBUG sqlalchemy.engine.base.Engine [-] Row (u'character_set_connection', u'utf8') process_rows /usr/local/lib/python2.7/dist-packages/sqlalchemy/engine/base.py:3193
2013-07-25 01:20:19.526 17012 DEBUG sqlalchemy.engine.base.Engine [-] Row (u'character_set_database', u'utf8') process_rows /usr/local/lib/python2.7/dist-packages/sqlalchemy/engine/base.py:3193
2013-07-25 01:20:19.526 17012 DEBUG sqlalchemy.engine.base.Engine [-] Row (u'character_set_filesystem', u'binary') process_rows /usr/local/lib/python2.7/dist-packages/sqlalchemy/engine/base.py:3193
2013-07-25 01:20:19.526 17012 DEBUG sqlalchemy.engine.base.Engine [-] Row (u'character_set_results', u'utf8') process_rows /usr/local/lib/python2.7/dist-packages/sqlalchemy/engine/base.py:3193
2013-07-25 01:20:19.527 17012 DEBUG sqlalchemy.engine.base.Engine [-] Row (u'character_set_server', u'latin1') process_rows /usr/local/lib/python2.7/dist-packages/sqlalchemy/engine/base.py:3193
2013-07-25 01:20:19.527 17012 DEBUG sqlalchemy.engine.base.Engine [-] Row (u'character_set_system', u'utf8') process_rows /usr/local/lib/python2.7/dist-packages/sqlalchemy/engine/base.py:3193
2013-07-25 01:20:19.527 17012 DEBUG sqlalchemy.engine.base.Engine [-] Row (u'character_sets_dir', u'/usr/share/mysql/charsets/') process_rows /usr/local/lib/python2.7/dist-packages/sqlalchemy/engine/base.py:3193
2013-07-25 01:20:19.527 17012 INFO sqlalchemy.engine.base.Engine [-] SHOW VARIABLES LIKE 'lower_case_table_names'
2013-07-25 01:20:19.527 17012 INFO sqlalchemy.engine.base.Engine [-] ()
2013-07-25 01:20:19.528 17012 DEBUG sqlalchemy.engine.base.Engine [-] Col ('Variable_name', 'Value') __init__ /usr/local/lib/python2.7/dist-packages/sqlalchemy/engine/base.py:2788
2013-07-25 01:20:19.528 17012 DEBUG sqlalchemy.engine.base.Engine [-] Row (u'lower_case_table_names', u'0') process_rows /usr/local/lib/python2.7/dist-packages/sqlalchemy/engine/base.py:3193
2013-07-25 01:20:19.528 17012 INFO sqlalchemy.engine.base.Engine [-] SHOW COLLATION
2013-07-25 01:20:19.529 17012 INFO sqlalchemy.engine.base.Engine [-] ()
2013-07-25 01:20:19.532 17012 DEBUG sqlalchemy.engine.base.Engine [-] Col ('Collation', 'Charset', 'Id', 'Default', 'Compiled', 'Sortlen') __init__ /usr/local/lib/python2.7/dist-packages/sqlalchemy/engine/base.py:2788
2013-07-25 01:20:19.533 17012 DEBUG sqlalchemy.engine.base.Engine [-] Row (u'big5_chinese_ci', u'big5', 1L, u'Yes', u'Yes', 1L) process_rows /usr/local/lib/python2.7/dist-packages/sqlalchemy/engine/base.py:3193
2013-07-25 01:20:19.533 17012 DEBUG sqlalchemy.engine.base.Engine [-] Row (u'big5_bin', u'big5', 84L, u'', u'Yes', 1L) process_rows /usr/local/lib/python2.7/dist-packages/sqlalchemy/engine/base.py:3193
2013-07-25 01:20:19.533 17012 DEBUG sqlalchemy.engine.base.Engine [-] Row (u'dec8_swedish_ci', u'dec8', 3L, u'Yes', u'Yes', 1L) process_rows /usr/local/lib/python2.7/dist-packages/sqlalchemy/engine/base.py:3193
2013-07-25 01:20:19.533 17012 DEBUG sqlalchemy.engine.base.Engine [-] Row (u'dec8_bin', u'dec8', 69L, u'', u'Yes', 1L) process_rows /usr/local/lib/python2.7/dist-packages/sqlalchemy/engine/base.py:3193
2013-07-25 01:20:19.533 17012 DEBUG sqlalchemy.engine.base.Engine [-] Row (u'cp850_general_ci', u'cp850', 4L, u'Yes', u'Yes', 1L) process_rows /usr/local/lib/python2.7/dist-packages/sqlalchemy/engine/base.py:3193
2013-07-25 01:20:19.533 17012 DEBUG sqlalchemy.engine.base.Engine [-] Row (u'cp850_bin', u'cp850', 80L, u'', u'Yes', 1L) process_rows /usr/local/lib/python2.7/dist-packages/sqlalchemy/engine/base.py:3193
2013-07-25 01:20:19.533 17012 DEBUG sqlalchemy.engine.base.Engine [-] Row (u'hp8_english_ci', u'hp8', 6L, u'Yes', u'Yes', 1L) process_rows /usr/local/lib/python2.7/dist-packages/sqlalchemy/engine/base.py:3193
2013-07-25 01:20:19.534 17012 DEBUG sqlalchemy.engine.base.Engine [-] Row (u'hp8_bin', u'hp8', 72L, u'', u'Yes', 1L) process_rows /usr/local/lib/python2.7/dist-packages/sqlalchemy/engine/base.py:3193
2013-07-25 01:20:19.534 17012 DEBUG sqlalchemy.engine.base.Engine [-] Row (u'koi8r_general_ci', u'koi8r', 7L, u'Yes', u'Yes', 1L) process_rows /usr/local/lib/python2.7/dist-packages/sqlalchemy/engine/base.py:3193
2013-07-25 01:20:19.534 17012 DEBUG sqlalchemy.engine.base.Engine [-] Row (u'koi8r_bin', u'koi8r', 74L, u'', u'Yes', 1L) process_rows /usr/local/lib/python2.7/dist-packages/sqlalchemy/engine/base.py:3193
2013-07-25 01:20:19.534 17012 DEBUG sqlalchemy.engine.base.Engine [-] Row (u'latin1_german1_ci', u'latin1', 5L, u'', u'Yes', 1L) process_rows /usr/local/lib/python2.7/dist-packages/sqlalchemy/engine/base.py:3193
2013-07-25 01:20:19.534 17012 DEBUG sqlalchemy.engine.base.Engine [-] Row (u'latin1_swedish_ci', u'latin1', 8L, u'Yes', u'Yes', 1L) process_rows /usr/local/lib/python2.7/dist-packages/sqlalchemy/engine/base.py:3193
2013-07-25 01:20:19.534 17012 DEBUG sqlalchemy.engine.base.Engine [-] Row (u'latin1_danish_ci', u'latin1', 15L, u'', u'Yes', 1L) process_rows /usr/local/lib/python2.7/dist-packages/sqlalchemy/engine/base.py:3193
2013-07-25 01:20:19.534 17012 DEBUG sqlalchemy.engine.base.Engine [-] Row (u'latin1_german2_ci', u'latin1', 31L, u'', u'Yes', 2L) process_rows /usr/local/lib/python2.7/dist-packages/sqlalchemy/engine/base.py:3193
2013-07-25 01:20:19.535 17012 DEBUG sqlalchemy.engine.base.Engine [-] Row (u'latin1_bin', u'latin1', 47L, u'', u'Yes', 1L) process_rows /usr/local/lib/python2.7/dist-packages/sqlalchemy/engine/base.py:3193
2013-07-25 01:20:19.535 17012 DEBUG sqlalchemy.engine.base.Engine [-] Row (u'latin1_general_ci', u'latin1', 48L, u'', u'Yes', 1L) process_rows /usr/local/lib/python2.7/dist-packages/sqlalchemy/engine/base.py:3193
2013-07-25 01:20:19.535 17012 DEBUG sqlalchemy.engine.base.Engine [-] Row (u'latin1_general_cs', u'latin1', 49L, u'', u'Yes', 1L) process_rows /usr/local/lib/python2.7/dist-packages/sqlalchemy/engine/base.py:3193
2013-07-25 01:20:19.535 17012 DEBUG sqlalchemy.engine.base.Engine [-] Row (u'latin1_spanish_ci', u'latin1', 94L, u'', u'Yes', 1L) process_rows /usr/local/lib/python2.7/dist-packages/sqlalchemy/engine/base.py:3193
2013-07-25 01:20:19.535 17012 DEBUG sqlalchemy.engine.base.Engine [-] Row (u'latin2_czech_cs', u'latin2', 2L, u'', u'Yes', 4L) process_rows /usr/local/lib/python2.7/dist-packages/sqlalchemy/engine/base.py:3193
2013-07-25 01:20:19.535 17012 DEBUG sqlalchemy.engine.base.Engine [-] Row (u'latin2_general_ci', u'latin2', 9L, u'Yes', u'Yes', 1L) process_rows /usr/local/lib/python2.7/dist-packages/sqlalchemy/engine/base.py:3193
2013-07-25 01:20:19.535 17012 DEBUG sqlalchemy.engine.base.Engine [-] Row (u'latin2_hungarian_ci', u'latin2', 21L, u'', u'Yes', 1L) process_rows /usr/local/lib/python2.7/dist-packages/sqlalchemy/engine/base.py:3193
2013-07-25 01:20:19.536 17012 DEBUG sqlalchemy.engine.base.Engine [-] Row (u'latin2_croatian_ci', u'latin2', 27L, u'', u'Yes', 1L) process_rows /usr/local/lib/python2.7/dist-packages/sqlalchemy/engine/base.py:3193
2013-07-25 01:20:19.536 17012 DEBUG sqlalchemy.engine.base.Engine [-] Row (u'latin2_bin', u'latin2', 77L, u'', u'Yes', 1L) process_rows /usr/local/lib/python2.7/dist-packages/sqlalchemy/engine/base.py:3193
2013-07-25 01:20:19.536 17012 DEBUG sqlalchemy.engine.base.Engine [-] Row (u'swe7_swedish_ci', u'swe7', 10L, u'Yes', u'Yes', 1L) process_rows /usr/local/lib/python2.7/dist-packages/sqlalchemy/engine/base.py:3193
2013-07-25 01:20:19.536 17012 DEBUG sqlalchemy.engine.base.Engine [-] Row (u'swe7_bin', u'swe7', 82L, u'', u'Yes', 1L) process_rows /usr/local/lib/python2.7/dist-packages/sqlalchemy/engine/base.py:3193
2013-07-25 01:20:19.536 17012 DEBUG sqlalchemy.engine.base.Engine [-] Row (u'ascii_general_ci', u'ascii', 11L, u'Yes', u'Yes', 1L) process_rows /usr/local/lib/python2.7/dist-packages/sqlalchemy/engine/base.py:3193
2013-07-25 01:20:19.536 17012 DEBUG sqlalchemy.engine.base.Engine [-] Row (u'ascii_bin', u'ascii', 65L, u'', u'Yes', 1L) process_rows /usr/local/lib/python2.7/dist-packages/sqlalchemy/engine/base.py:3193
2013-07-25 01:20:19.536 17012 DEBUG sqlalchemy.engine.base.Engine [-] Row (u'ujis_japanese_ci', u'ujis', 12L, u'Yes', u'Yes', 1L) process_rows /usr/local/lib/python2.7/dist-packages/sqlalchemy/engine/base.py:3193
2013-07-25 01:20:19.537 17012 DEBUG sqlalchemy.engine.base.Engine [-] Row (u'ujis_bin', u'ujis', 91L, u'', u'Yes', 1L) process_rows /usr/local/lib/python2.7/dist-packages/sqlalchemy/engine/base.py:3193
2013-07-25 01:20:19.537 17012 DEBUG sqlalchemy.engine.base.Engine [-] Row (u'sjis_japanese_ci', u'sjis', 13L, u'Yes', u'Yes', 1L) process_rows /usr/local/lib/python2.7/dist-packages/sqlalchemy/engine/base.py:3193
2013-07-25 01:20:19.537 17012 DEBUG sqlalchemy.engine.base.Engine [-] Row (u'sjis_bin', u'sjis', 88L, u'', u'Yes', 1L) process_rows /usr/local/lib/python2.7/dist-packages/sqlalchemy/engine/base.py:3193
2013-07-25 01:20:19.537 17012 DEBUG sqlalchemy.engine.base.Engine [-] Row (u'hebrew_general_ci', u'hebrew', 16L, u'Yes', u'Yes', 1L) process_rows /usr/local/lib/python2.7/dist-packages/sqlalchemy/engine/base.py:3193
2013-07-25 01:20:19.537 17012 DEBUG sqlalchemy.engine.base.Engine [-] Row (u'hebrew_bin', u'hebrew', 71L, u'', u'Yes', 1L) process_rows /usr/local/lib/python2.7/dist-packages/sqlalchemy/engine/base.py:3193
2013-07-25 01:20:19.537 17012 DEBUG sqlalchemy.engine.base.Engine [-] Row (u'tis620_thai_ci', u'tis620', 18L, u'Yes', u'Yes', 4L) process_rows /usr/local/lib/python2.7/dist-packages/sqlalchemy/engine/base.py:3193
2013-07-25 01:20:19.537 17012 DEBUG sqlalchemy.engine.base.Engine [-] Row (u'tis620_bin', u'tis620', 89L, u'', u'Yes', 1L) process_rows /usr/local/lib/python2.7/dist-packages/sqlalchemy/engine/base.py:3193
2013-07-25 01:20:19.538 17012 DEBUG sqlalchemy.engine.base.Engine [-] Row (u'euckr_korean_ci', u'euckr', 19L, u'Yes', u'Yes', 1L) process_rows /usr/local/lib/python2.7/dist-packages/sqlalchemy/engine/base.py:3193
2013-07-25 01:20:19.538 17012 DEBUG sqlalchemy.engine.base.Engine [-] Row (u'euckr_bin', u'euckr', 85L, u'', u'Yes', 1L) process_rows /usr/local/lib/python2.7/dist-packages/sqlalchemy/engine/base.py:3193
2013-07-25 01:20:19.538 17012 DEBUG sqlalchemy.engine.base.Engine [-] Row (u'koi8u_general_ci', u'koi8u', 22L, u'Yes', u'Yes', 1L) process_rows /usr/local/lib/python2.7/dist-packages/sqlalchemy/engine/base.py:3193
2013-07-25 01:20:19.538 17012 DEBUG sqlalchemy.engine.base.Engine [-] Row (u'koi8u_bin', u'koi8u', 75L, u'', u'Yes', 1L) process_rows /usr/local/lib/python2.7/dist-packages/sqlalchemy/engine/base.py:3193
2013-07-25 01:20:19.538 17012 DEBUG sqlalchemy.engine.base.Engine [-] Row (u'gb2312_chinese_ci', u'gb2312', 24L, u'Yes', u'Yes', 1L) process_rows /usr/local/lib/python2.7/dist-packages/sqlalchemy/engine/base.py:3193
2013-07-25 01:20:19.538 17012 DEBUG sqlalchemy.engine.base.Engine [-] Row (u'gb2312_bin', u'gb2312', 86L, u'', u'Yes', 1L) process_rows /usr/local/lib/python2.7/dist-packages/sqlalchemy/engine/base.py:3193
2013-07-25 01:20:19.538 17012 DEBUG sqlalchemy.engine.base.Engine [-] Row (u'greek_general_ci', u'greek', 25L, u'Yes', u'Yes', 1L) process_rows /usr/local/lib/python2.7/dist-packages/sqlalchemy/engine/base.py:3193
2013-07-25 01:20:19.539 17012 DEBUG sqlalchemy.engine.base.Engine [-] Row (u'greek_bin', u'greek', 70L, u'', u'Yes', 1L) process_rows /usr/local/lib/python2.7/dist-packages/sqlalchemy/engine/base.py:3193
2013-07-25 01:20:19.539 17012 DEBUG sqlalchemy.engine.base.Engine [-] Row (u'cp1250_general_ci', u'cp1250', 26L, u'Yes', u'Yes', 1L) process_rows /usr/local/lib/python2.7/dist-packages/sqlalchemy/engine/base.py:3193
2013-07-25 01:20:19.539 17012 DEBUG sqlalchemy.engine.base.Engine [-] Row (u'cp1250_czech_cs', u'cp1250', 34L, u'', u'Yes', 2L) process_rows /usr/local/lib/python2.7/dist-packages/sqlalchemy/engine/base.py:3193
2013-07-25 01:20:19.539 17012 DEBUG sqlalchemy.engine.base.Engine [-] Row (u'cp1250_croatian_ci', u'cp1250', 44L, u'', u'Yes', 1L) process_rows /usr/local/lib/python2.7/dist-packages/sqlalchemy/engine/base.py:3193
2013-07-25 01:20:19.539 17012 DEBUG sqlalchemy.engine.base.Engine [-] Row (u'cp1250_bin', u'cp1250', 66L, u'', u'Yes', 1L) process_rows /usr/local/lib/python2.7/dist-packages/sqlalchemy/engine/base.py:3193
2013-07-25 01:20:19.539 17012 DEBUG sqlalchemy.engine.base.Engine [-] Row (u'cp1250_polish_ci', u'cp1250', 99L, u'', u'Yes', 1L) process_rows /usr/local/lib/python2.7/dist-packages/sqlalchemy/engine/base.py:3193
2013-07-25 01:20:19.540 17012 DEBUG sqlalchemy.engine.base.Engine [-] Row (u'gbk_chinese_ci', u'gbk', 28L, u'Yes', u'Yes', 1L) process_rows /usr/local/lib/python2.7/dist-packages/sqlalchemy/engine/base.py:3193
2013-07-25 01:20:19.540 17012 DEBUG sqlalchemy.engine.base.Engine [-] Row (u'gbk_bin', u'gbk', 87L, u'', u'Yes', 1L) process_rows /usr/local/lib/python2.7/dist-packages/sqlalchemy/engine/base.py:3193
2013-07-25 01:20:19.540 17012 DEBUG sqlalchemy.engine.base.Engine [-] Row (u'latin5_turkish_ci', u'latin5', 30L, u'Yes', u'Yes', 1L) process_rows /usr/local/lib/python2.7/dist-packages/sqlalchemy/engine/base.py:3193
2013-07-25 01:20:19.540 17012 DEBUG sqlalchemy.engine.base.Engine [-] Row (u'latin5_bin', u'latin5', 78L, u'', u'Yes', 1L) process_rows /usr/local/lib/python2.7/dist-packages/sqlalchemy/engine/base.py:3193
2013-07-25 01:20:19.540 17012 DEBUG sqlalchemy.engine.base.Engine [-] Row (u'armscii8_general_ci', u'armscii8', 32L, u'Yes', u'Yes', 1L) process_rows /usr/local/lib/python2.7/dist-packages/sqlalchemy/engine/base.py:3193
2013-07-25 01:20:19.540 17012 DEBUG sqlalchemy.engine.base.Engine [-] Row (u'armscii8_bin', u'armscii8', 64L, u'', u'Yes', 1L) process_rows /usr/local/lib/python2.7/dist-packages/sqlalchemy/engine/base.py:3193
2013-07-25 01:20:19.540 17012 DEBUG sqlalchemy.engine.base.Engine [-] Row (u'utf8_general_ci', u'utf8', 33L, u'Yes', u'Yes', 1L) process_rows /usr/local/lib/python2.7/dist-packages/sqlalchemy/engine/base.py:3193
2013-07-25 01:20:19.541 17012 DEBUG sqlalchemy.engine.base.Engine [-] Row (u'utf8_bin', u'utf8', 83L, u'', u'Yes', 1L) process_rows /usr/local/lib/python2.7/dist-packages/sqlalchemy/engine/base.py:3193
2013-07-25 01:20:19.541 17012 DEBUG sqlalchemy.engine.base.Engine [-] Row (u'utf8_unicode_ci', u'utf8', 192L, u'', u'Yes', 8L) process_rows /usr/local/lib/python2.7/dist-packages/sqlalchemy/engine/base.py:3193
2013-07-25 01:20:19.541 17012 DEBUG sqlalchemy.engine.base.Engine [-] Row (u'utf8_icelandic_ci', u'utf8', 193L, u'', u'Yes', 8L) process_rows /usr/local/lib/python2.7/dist-packages/sqlalchemy/engine/base.py:3193
2013-07-25 01:20:19.541 17012 DEBUG sqlalchemy.engine.base.Engine [-] Row (u'utf8_latvian_ci', u'utf8', 194L, u'', u'Yes', 8L) process_rows /usr/local/lib/python2.7/dist-packages/sqlalchemy/engine/base.py:3193
2013-07-25 01:20:19.541 17012 DEBUG sqlalchemy.engine.base.Engine [-] Row (u'utf8_romanian_ci', u'utf8', 195L, u'', u'Yes', 8L) process_rows /usr/local/lib/python2.7/dist-packages/sqlalchemy/engine/base.py:3193
2013-07-25 01:20:19.541 17012 DEBUG sqlalchemy.engine.base.Engine [-] Row (u'utf8_slovenian_ci', u'utf8', 196L, u'', u'Yes', 8L) process_rows /usr/local/lib/python2.7/dist-packages/sqlalchemy/engine/base.py:3193
2013-07-25 01:20:19.541 17012 DEBUG sqlalchemy.engine.base.Engine [-] Row (u'utf8_polish_ci', u'utf8', 197L, u'', u'Yes', 8L) process_rows /usr/local/lib/python2.7/dist-packages/sqlalchemy/engine/base.py:3193
2013-07-25 01:20:19.542 17012 DEBUG sqlalchemy.engine.base.Engine [-] Row (u'utf8_estonian_ci', u'utf8', 198L, u'', u'Yes', 8L) process_rows /usr/local/lib/python2.7/dist-packages/sqlalchemy/engine/base.py:3193
2013-07-25 01:20:19.542 17012 DEBUG sqlalchemy.engine.base.Engine [-] Row (u'utf8_spanish_ci', u'utf8', 199L, u'', u'Yes', 8L) process_rows /usr/local/lib/python2.7/dist-packages/sqlalchemy/engine/base.py:3193
2013-07-25 01:20:19.542 17012 DEBUG sqlalchemy.engine.base.Engine [-] Row (u'utf8_swedish_ci', u'utf8', 200L, u'', u'Yes', 8L) process_rows /usr/local/lib/python2.7/dist-packages/sqlalchemy/engine/base.py:3193
2013-07-25 01:20:19.542 17012 DEBUG sqlalchemy.engine.base.Engine [-] Row (u'utf8_turkish_ci', u'utf8', 201L, u'', u'Yes', 8L) process_rows /usr/local/lib/python2.7/dist-packages/sqlalchemy/engine/base.py:3193
2013-07-25 01:20:19.542 17012 DEBUG sqlalchemy.engine.base.Engine [-] Row (u'utf8_czech_ci', u'utf8', 202L, u'', u'Yes', 8L) process_rows /usr/local/lib/python2.7/dist-packages/sqlalchemy/engine/base.py:3193
2013-07-25 01:20:19.542 17012 DEBUG sqlalchemy.engine.base.Engine [-] Row (u'utf8_danish_ci', u'utf8', 203L, u'', u'Yes', 8L) process_rows /usr/local/lib/python2.7/dist-packages/sqlalchemy/engine/base.py:3193
2013-07-25 01:20:19.542 17012 DEBUG sqlalchemy.engine.base.Engine [-] Row (u'utf8_lithuanian_ci', u'utf8', 204L, u'', u'Yes', 8L) process_rows /usr/local/lib/python2.7/dist-packages/sqlalchemy/engine/base.py:3193
2013-07-25 01:20:19.543 17012 DEBUG sqlalchemy.engine.base.Engine [-] Row (u'utf8_slovak_ci', u'utf8', 205L, u'', u'Yes', 8L) process_rows /usr/local/lib/python2.7/dist-packages/sqlalchemy/engine/base.py:3193
2013-07-25 01:20:19.543 17012 DEBUG sqlalchemy.engine.base.Engine [-] Row (u'utf8_spanish2_ci', u'utf8', 206L, u'', u'Yes', 8L) process_rows /usr/local/lib/python2.7/dist-packages/sqlalchemy/engine/base.py:3193
2013-07-25 01:20:19.543 17012 DEBUG sqlalchemy.engine.base.Engine [-] Row (u'utf8_roman_ci', u'utf8', 207L, u'', u'Yes', 8L) process_rows /usr/local/lib/python2.7/dist-packages/sqlalchemy/engine/base.py:3193
2013-07-25 01:20:19.543 17012 DEBUG sqlalchemy.engine.base.Engine [-] Row (u'utf8_persian_ci', u'utf8', 208L, u'', u'Yes', 8L) process_rows /usr/local/lib/python2.7/dist-packages/sqlalchemy/engine/base.py:3193
2013-07-25 01:20:19.543 17012 DEBUG sqlalchemy.engine.base.Engine [-] Row (u'utf8_esperanto_ci', u'utf8', 209L, u'', u'Yes', 8L) process_rows /usr/local/lib/python2.7/dist-packages/sqlalchemy/engine/base.py:3193
2013-07-25 01:20:19.543 17012 DEBUG sqlalchemy.engine.base.Engine [-] Row (u'utf8_hungarian_ci', u'utf8', 210L, u'', u'Yes', 8L) process_rows /usr/local/lib/python2.7/dist-packages/sqlalchemy/engine/base.py:3193
2013-07-25 01:20:19.543 17012 DEBUG sqlalchemy.engine.base.Engine [-] Row (u'utf8_sinhala_ci', u'utf8', 211L, u'', u'Yes', 8L) process_rows /usr/local/lib/python2.7/dist-packages/sqlalchemy/engine/base.py:3193
2013-07-25 01:20:19.544 17012 DEBUG sqlalchemy.engine.base.Engine [-] Row (u'utf8_general_mysql500_ci', u'utf8', 223L, u'', u'Yes', 1L) process_rows /usr/local/lib/python2.7/dist-packages/sqlalchemy/engine/base.py:3193
2013-07-25 01:20:19.544 17012 DEBUG sqlalchemy.engine.base.Engine [-] Row (u'ucs2_general_ci', u'ucs2', 35L, u'Yes', u'Yes', 1L) process_rows /usr/local/lib/python2.7/dist-packages/sqlalchemy/engine/base.py:3193
2013-07-25 01:20:19.544 17012 DEBUG sqlalchemy.engine.base.Engine [-] Row (u'ucs2_bin', u'ucs2', 90L, u'', u'Yes', 1L) process_rows /usr/local/lib/python2.7/dist-packages/sqlalchemy/engine/base.py:3193
2013-07-25 01:20:19.544 17012 DEBUG sqlalchemy.engine.base.Engine [-] Row (u'ucs2_unicode_ci', u'ucs2', 128L, u'', u'Yes', 8L) process_rows /usr/local/lib/python2.7/dist-packages/sqlalchemy/engine/base.py:3193
2013-07-25 01:20:19.544 17012 DEBUG sqlalchemy.engine.base.Engine [-] Row (u'ucs2_icelandic_ci', u'ucs2', 129L, u'', u'Yes', 8L) process_rows /usr/local/lib/python2.7/dist-packages/sqlalchemy/engine/base.py:3193
2013-07-25 01:20:19.544 17012 DEBUG sqlalchemy.engine.base.Engine [-] Row (u'ucs2_latvian_ci', u'ucs2', 130L, u'', u'Yes', 8L) process_rows /usr/local/lib/python2.7/dist-packages/sqlalchemy/engine/base.py:3193
2013-07-25 01:20:19.544 17012 DEBUG sqlalchemy.engine.base.Engine [-] Row (u'ucs2_romanian_ci', u'ucs2', 131L, u'', u'Yes', 8L) process_rows /usr/local/lib/python2.7/dist-packages/sqlalchemy/engine/base.py:3193
2013-07-25 01:20:19.545 17012 DEBUG sqlalchemy.engine.base.Engine [-] Row (u'ucs2_slovenian_ci', u'ucs2', 132L, u'', u'Yes', 8L) process_rows /usr/local/lib/python2.7/dist-packages/sqlalchemy/engine/base.py:3193
2013-07-25 01:20:19.545 17012 DEBUG sqlalchemy.engine.base.Engine [-] Row (u'ucs2_polish_ci', u'ucs2', 133L, u'', u'Yes', 8L) process_rows /usr/local/lib/python2.7/dist-packages/sqlalchemy/engine/base.py:3193
2013-07-25 01:20:19.545 17012 DEBUG sqlalchemy.engine.base.Engine [-] Row (u'ucs2_estonian_ci', u'ucs2', 134L, u'', u'Yes', 8L) process_rows /usr/local/lib/python2.7/dist-packages/sqlalchemy/engine/base.py:3193
2013-07-25 01:20:19.545 17012 DEBUG sqlalchemy.engine.base.Engine [-] Row (u'ucs2_spanish_ci', u'ucs2', 135L, u'', u'Yes', 8L) process_rows /usr/local/lib/python2.7/dist-packages/sqlalchemy/engine/base.py:3193
2013-07-25 01:20:19.545 17012 DEBUG sqlalchemy.engine.base.Engine [-] Row (u'ucs2_swedish_ci', u'ucs2', 136L, u'', u'Yes', 8L) process_rows /usr/local/lib/python2.7/dist-packages/sqlalchemy/engine/base.py:3193
2013-07-25 01:20:19.545 17012 DEBUG sqlalchemy.engine.base.Engine [-] Row (u'ucs2_turkish_ci', u'ucs2', 137L, u'', u'Yes', 8L) process_rows /usr/local/lib/python2.7/dist-packages/sqlalchemy/engine/base.py:3193
2013-07-25 01:20:19.545 17012 DEBUG sqlalchemy.engine.base.Engine [-] Row (u'ucs2_czech_ci', u'ucs2', 138L, u'', u'Yes', 8L) process_rows /usr/local/lib/python2.7/dist-packages/sqlalchemy/engine/base.py:3193
2013-07-25 01:20:19.546 17012 DEBUG sqlalchemy.engine.base.Engine [-] Row (u'ucs2_danish_ci', u'ucs2', 139L, u'', u'Yes', 8L) process_rows /usr/local/lib/python2.7/dist-packages/sqlalchemy/engine/base.py:3193
2013-07-25 01:20:19.546 17012 DEBUG sqlalchemy.engine.base.Engine [-] Row (u'ucs2_lithuanian_ci', u'ucs2', 140L, u'', u'Yes', 8L) process_rows /usr/local/lib/python2.7/dist-packages/sqlalchemy/engine/base.py:3193
2013-07-25 01:20:19.546 17012 DEBUG sqlalchemy.engine.base.Engine [-] Row (u'ucs2_slovak_ci', u'ucs2', 141L, u'', u'Yes', 8L) process_rows /usr/local/lib/python2.7/dist-packages/sqlalchemy/engine/base.py:3193
2013-07-25 01:20:19.546 17012 DEBUG sqlalchemy.engine.base.Engine [-] Row (u'ucs2_spanish2_ci', u'ucs2', 142L, u'', u'Yes', 8L) process_rows /usr/local/lib/python2.7/dist-packages/sqlalchemy/engine/base.py:3193
2013-07-25 01:20:19.546 17012 DEBUG sqlalchemy.engine.base.Engine [-] Row (u'ucs2_roman_ci', u'ucs2', 143L, u'', u'Yes', 8L) process_rows /usr/local/lib/python2.7/dist-packages/sqlalchemy/engine/base.py:3193
2013-07-25 01:20:19.546 17012 DEBUG sqlalchemy.engine.base.Engine [-] Row (u'ucs2_persian_ci', u'ucs2', 144L, u'', u'Yes', 8L) process_rows /usr/local/lib/python2.7/dist-packages/sqlalchemy/engine/base.py:3193
2013-07-25 01:20:19.546 17012 DEBUG sqlalchemy.engine.base.Engine [-] Row (u'ucs2_esperanto_ci', u'ucs2', 145L, u'', u'Yes', 8L) process_rows /usr/local/lib/python2.7/dist-packages/sqlalchemy/engine/base.py:3193
2013-07-25 01:20:19.547 17012 DEBUG sqlalchemy.engine.base.Engine [-] Row (u'ucs2_hungarian_ci', u'ucs2', 146L, u'', u'Yes', 8L) process_rows /usr/local/lib/python2.7/dist-packages/sqlalchemy/engine/base.py:3193
2013-07-25 01:20:19.547 17012 DEBUG sqlalchemy.engine.base.Engine [-] Row (u'ucs2_sinhala_ci', u'ucs2', 147L, u'', u'Yes', 8L) process_rows /usr/local/lib/python2.7/dist-packages/sqlalchemy/engine/base.py:3193
2013-07-25 01:20:19.547 17012 DEBUG sqlalchemy.engine.base.Engine [-] Row (u'ucs2_general_mysql500_ci', u'ucs2', 159L, u'', u'Yes', 1L) process_rows /usr/local/lib/python2.7/dist-packages/sqlalchemy/engine/base.py:3193
2013-07-25 01:20:19.547 17012 DEBUG sqlalchemy.engine.base.Engine [-] Row (u'cp866_general_ci', u'cp866', 36L, u'Yes', u'Yes', 1L) process_rows /usr/local/lib/python2.7/dist-packages/sqlalchemy/engine/base.py:3193
2013-07-25 01:20:19.547 17012 DEBUG sqlalchemy.engine.base.Engine [-] Row (u'cp866_bin', u'cp866', 68L, u'', u'Yes', 1L) process_rows /usr/local/lib/python2.7/dist-packages/sqlalchemy/engine/base.py:3193
2013-07-25 01:20:19.547 17012 DEBUG sqlalchemy.engine.base.Engine [-] Row (u'keybcs2_general_ci', u'keybcs2', 37L, u'Yes', u'Yes', 1L) process_rows /usr/local/lib/python2.7/dist-packages/sqlalchemy/engine/base.py:3193
2013-07-25 01:20:19.547 17012 DEBUG sqlalchemy.engine.base.Engine [-] Row (u'keybcs2_bin', u'keybcs2', 73L, u'', u'Yes', 1L) process_rows /usr/local/lib/python2.7/dist-packages/sqlalchemy/engine/base.py:3193
2013-07-25 01:20:19.547 17012 DEBUG sqlalchemy.engine.base.Engine [-] Row (u'macce_general_ci', u'macce', 38L, u'Yes', u'Yes', 1L) process_rows /usr/local/lib/python2.7/dist-packages/sqlalchemy/engine/base.py:3193
2013-07-25 01:20:19.548 17012 DEBUG sqlalchemy.engine.base.Engine [-] Row (u'macce_bin', u'macce', 43L, u'', u'Yes', 1L) process_rows /usr/local/lib/python2.7/dist-packages/sqlalchemy/engine/base.py:3193
2013-07-25 01:20:19.548 17012 DEBUG sqlalchemy.engine.base.Engine [-] Row (u'macroman_general_ci', u'macroman', 39L, u'Yes', u'Yes', 1L) process_rows /usr/local/lib/python2.7/dist-packages/sqlalchemy/engine/base.py:3193
2013-07-25 01:20:19.548 17012 DEBUG sqlalchemy.engine.base.Engine [-] Row (u'macroman_bin', u'macroman', 53L, u'', u'Yes', 1L) process_rows /usr/local/lib/python2.7/dist-packages/sqlalchemy/engine/base.py:3193
2013-07-25 01:20:19.548 17012 DEBUG sqlalchemy.engine.base.Engine [-] Row (u'cp852_general_ci', u'cp852', 40L, u'Yes', u'Yes', 1L) process_rows /usr/local/lib/python2.7/dist-packages/sqlalchemy/engine/base.py:3193
2013-07-25 01:20:19.548 17012 DEBUG sqlalchemy.engine.base.Engine [-] Row (u'cp852_bin', u'cp852', 81L, u'', u'Yes', 1L) process_rows /usr/local/lib/python2.7/dist-packages/sqlalchemy/engine/base.py:3193
2013-07-25 01:20:19.548 17012 DEBUG sqlalchemy.engine.base.Engine [-] Row (u'latin7_estonian_cs', u'latin7', 20L, u'', u'Yes', 1L) process_rows /usr/local/lib/python2.7/dist-packages/sqlalchemy/engine/base.py:3193
2013-07-25 01:20:19.548 17012 DEBUG sqlalchemy.engine.base.Engine [-] Row (u'latin7_general_ci', u'latin7', 41L, u'Yes', u'Yes', 1L) process_rows /usr/local/lib/python2.7/dist-packages/sqlalchemy/engine/base.py:3193
2013-07-25 01:20:19.548 17012 DEBUG sqlalchemy.engine.base.Engine [-] Row (u'latin7_general_cs', u'latin7', 42L, u'', u'Yes', 1L) process_rows /usr/local/lib/python2.7/dist-packages/sqlalchemy/engine/base.py:3193
2013-07-25 01:20:19.548 17012 DEBUG sqlalchemy.engine.base.Engine [-] Row (u'latin7_bin', u'latin7', 79L, u'', u'Yes', 1L) process_rows /usr/local/lib/python2.7/dist-packages/sqlalchemy/engine/base.py:3193
2013-07-25 01:20:19.549 17012 DEBUG sqlalchemy.engine.base.Engine [-] Row (u'utf8mb4_general_ci', u'utf8mb4', 45L, u'Yes', u'Yes', 1L) process_rows /usr/local/lib/python2.7/dist-packages/sqlalchemy/engine/base.py:3193
2013-07-25 01:20:19.549 17012 DEBUG sqlalchemy.engine.base.Engine [-] Row (u'utf8mb4_bin', u'utf8mb4', 46L, u'', u'Yes', 1L) process_rows /usr/local/lib/python2.7/dist-packages/sqlalchemy/engine/base.py:3193
2013-07-25 01:20:19.549 17012 DEBUG sqlalchemy.engine.base.Engine [-] Row (u'utf8mb4_unicode_ci', u'utf8mb4', 224L, u'', u'Yes', 8L) process_rows /usr/local/lib/python2.7/dist-packages/sqlalchemy/engine/base.py:3193
2013-07-25 01:20:19.549 17012 DEBUG sqlalchemy.engine.base.Engine [-] Row (u'utf8mb4_icelandic_ci', u'utf8mb4', 225L, u'', u'Yes', 8L) process_rows /usr/local/lib/python2.7/dist-packages/sqlalchemy/engine/base.py:3193
2013-07-25 01:20:19.549 17012 DEBUG sqlalchemy.engine.base.Engine [-] Row (u'utf8mb4_latvian_ci', u'utf8mb4', 226L, u'', u'Yes', 8L) process_rows /usr/local/lib/python2.7/dist-packages/sqlalchemy/engine/base.py:3193
2013-07-25 01:20:19.549 17012 DEBUG sqlalchemy.engine.base.Engine [-] Row (u'utf8mb4_romanian_ci', u'utf8mb4', 227L, u'', u'Yes', 8L) process_rows /usr/local/lib/python2.7/dist-packages/sqlalchemy/engine/base.py:3193
2013-07-25 01:20:19.549 17012 DEBUG sqlalchemy.engine.base.Engine [-] Row (u'utf8mb4_slovenian_ci', u'utf8mb4', 228L, u'', u'Yes', 8L) process_rows /usr/local/lib/python2.7/dist-packages/sqlalchemy/engine/base.py:3193
2013-07-25 01:20:19.549 17012 DEBUG sqlalchemy.engine.base.Engine [-] Row (u'utf8mb4_polish_ci', u'utf8mb4', 229L, u'', u'Yes', 8L) process_rows /usr/local/lib/python2.7/dist-packages/sqlalchemy/engine/base.py:3193
2013-07-25 01:20:19.549 17012 DEBUG sqlalchemy.engine.base.Engine [-] Row (u'utf8mb4_estonian_ci', u'utf8mb4', 230L, u'', u'Yes', 8L) process_rows /usr/local/lib/python2.7/dist-packages/sqlalchemy/engine/base.py:3193
2013-07-25 01:20:19.549 17012 DEBUG sqlalchemy.engine.base.Engine [-] Row (u'utf8mb4_spanish_ci', u'utf8mb4', 231L, u'', u'Yes', 8L) process_rows /usr/local/lib/python2.7/dist-packages/sqlalchemy/engine/base.py:3193
2013-07-25 01:20:19.550 17012 DEBUG sqlalchemy.engine.base.Engine [-] Row (u'utf8mb4_swedish_ci', u'utf8mb4', 232L, u'', u'Yes', 8L) process_rows /usr/local/lib/python2.7/dist-packages/sqlalchemy/engine/base.py:3193
2013-07-25 01:20:19.550 17012 DEBUG sqlalchemy.engine.base.Engine [-] Row (u'utf8mb4_turkish_ci', u'utf8mb4', 233L, u'', u'Yes', 8L) process_rows /usr/local/lib/python2.7/dist-packages/sqlalchemy/engine/base.py:3193
2013-07-25 01:20:19.550 17012 DEBUG sqlalchemy.engine.base.Engine [-] Row (u'utf8mb4_czech_ci', u'utf8mb4', 234L, u'', u'Yes', 8L) process_rows /usr/local/lib/python2.7/dist-packages/sqlalchemy/engine/base.py:3193
2013-07-25 01:20:19.550 17012 DEBUG sqlalchemy.engine.base.Engine [-] Row (u'utf8mb4_danish_ci', u'utf8mb4', 235L, u'', u'Yes', 8L) process_rows /usr/local/lib/python2.7/dist-packages/sqlalchemy/engine/base.py:3193
2013-07-25 01:20:19.550 17012 DEBUG sqlalchemy.engine.base.Engine [-] Row (u'utf8mb4_lithuanian_ci', u'utf8mb4', 236L, u'', u'Yes', 8L) process_rows /usr/local/lib/python2.7/dist-packages/sqlalchemy/engine/base.py:3193
2013-07-25 01:20:19.550 17012 DEBUG sqlalchemy.engine.base.Engine [-] Row (u'utf8mb4_slovak_ci', u'utf8mb4', 237L, u'', u'Yes', 8L) process_rows /usr/local/lib/python2.7/dist-packages/sqlalchemy/engine/base.py:3193
2013-07-25 01:20:19.550 17012 DEBUG sqlalchemy.engine.base.Engine [-] Row (u'utf8mb4_spanish2_ci', u'utf8mb4', 238L, u'', u'Yes', 8L) process_rows /usr/local/lib/python2.7/dist-packages/sqlalchemy/engine/base.py:3193
2013-07-25 01:20:19.550 17012 DEBUG sqlalchemy.engine.base.Engine [-] Row (u'utf8mb4_roman_ci', u'utf8mb4', 239L, u'', u'Yes', 8L) process_rows /usr/local/lib/python2.7/dist-packages/sqlalchemy/engine/base.py:3193
2013-07-25 01:20:19.550 17012 DEBUG sqlalchemy.engine.base.Engine [-] Row (u'utf8mb4_persian_ci', u'utf8mb4', 240L, u'', u'Yes', 8L) process_rows /usr/local/lib/python2.7/dist-packages/sqlalchemy/engine/base.py:3193
2013-07-25 01:20:19.551 17012 DEBUG sqlalchemy.engine.base.Engine [-] Row (u'utf8mb4_esperanto_ci', u'utf8mb4', 241L, u'', u'Yes', 8L) process_rows /usr/local/lib/python2.7/dist-packages/sqlalchemy/engine/base.py:3193
2013-07-25 01:20:19.551 17012 DEBUG sqlalchemy.engine.base.Engine [-] Row (u'utf8mb4_hungarian_ci', u'utf8mb4', 242L, u'', u'Yes', 8L) process_rows /usr/local/lib/python2.7/dist-packages/sqlalchemy/engine/base.py:3193
2013-07-25 01:20:19.551 17012 DEBUG sqlalchemy.engine.base.Engine [-] Row (u'utf8mb4_sinhala_ci', u'utf8mb4', 243L, u'', u'Yes', 8L) process_rows /usr/local/lib/python2.7/dist-packages/sqlalchemy/engine/base.py:3193
2013-07-25 01:20:19.551 17012 DEBUG sqlalchemy.engine.base.Engine [-] Row (u'cp1251_bulgarian_ci', u'cp1251', 14L, u'', u'Yes', 1L) process_rows /usr/local/lib/python2.7/dist-packages/sqlalchemy/engine/base.py:3193
2013-07-25 01:20:19.551 17012 DEBUG sqlalchemy.engine.base.Engine [-] Row (u'cp1251_ukrainian_ci', u'cp1251', 23L, u'', u'Yes', 1L) process_rows /usr/local/lib/python2.7/dist-packages/sqlalchemy/engine/base.py:3193
2013-07-25 01:20:19.551 17012 DEBUG sqlalchemy.engine.base.Engine [-] Row (u'cp1251_bin', u'cp1251', 50L, u'', u'Yes', 1L) process_rows /usr/local/lib/python2.7/dist-packages/sqlalchemy/engine/base.py:3193
2013-07-25 01:20:19.551 17012 DEBUG sqlalchemy.engine.base.Engine [-] Row (u'cp1251_general_ci', u'cp1251', 51L, u'Yes', u'Yes', 1L) process_rows /usr/local/lib/python2.7/dist-packages/sqlalchemy/engine/base.py:3193
2013-07-25 01:20:19.551 17012 DEBUG sqlalchemy.engine.base.Engine [-] Row (u'cp1251_general_cs', u'cp1251', 52L, u'', u'Yes', 1L) process_rows /usr/local/lib/python2.7/dist-packages/sqlalchemy/engine/base.py:3193
2013-07-25 01:20:19.551 17012 DEBUG sqlalchemy.engine.base.Engine [-] Row (u'utf16_general_ci', u'utf16', 54L, u'Yes', u'Yes', 1L) process_rows /usr/local/lib/python2.7/dist-packages/sqlalchemy/engine/base.py:3193
2013-07-25 01:20:19.552 17012 DEBUG sqlalchemy.engine.base.Engine [-] Row (u'utf16_bin', u'utf16', 55L, u'', u'Yes', 1L) process_rows /usr/local/lib/python2.7/dist-packages/sqlalchemy/engine/base.py:3193
2013-07-25 01:20:19.552 17012 DEBUG sqlalchemy.engine.base.Engine [-] Row (u'utf16_unicode_ci', u'utf16', 101L, u'', u'Yes', 8L) process_rows /usr/local/lib/python2.7/dist-packages/sqlalchemy/engine/base.py:3193
2013-07-25 01:20:19.552 17012 DEBUG sqlalchemy.engine.base.Engine [-] Row (u'utf16_icelandic_ci', u'utf16', 102L, u'', u'Yes', 8L) process_rows /usr/local/lib/python2.7/dist-packages/sqlalchemy/engine/base.py:3193
2013-07-25 01:20:19.552 17012 DEBUG sqlalchemy.engine.base.Engine [-] Row (u'utf16_latvian_ci', u'utf16', 103L, u'', u'Yes', 8L) process_rows /usr/local/lib/python2.7/dist-packages/sqlalchemy/engine/base.py:3193
2013-07-25 01:20:19.552 17012 DEBUG sqlalchemy.engine.base.Engine [-] Row (u'utf16_romanian_ci', u'utf16', 104L, u'', u'Yes', 8L) process_rows /usr/local/lib/python2.7/dist-packages/sqlalchemy/engine/base.py:3193
2013-07-25 01:20:19.552 17012 DEBUG sqlalchemy.engine.base.Engine [-] Row (u'utf16_slovenian_ci', u'utf16', 105L, u'', u'Yes', 8L) process_rows /usr/local/lib/python2.7/dist-packages/sqlalchemy/engine/base.py:3193
2013-07-25 01:20:19.552 17012 DEBUG sqlalchemy.engine.base.Engine [-] Row (u'utf16_polish_ci', u'utf16', 106L, u'', u'Yes', 8L) process_rows /usr/local/lib/python2.7/dist-packages/sqlalchemy/engine/base.py:3193
2013-07-25 01:20:19.552 17012 DEBUG sqlalchemy.engine.base.Engine [-] Row (u'utf16_estonian_ci', u'utf16', 107L, u'', u'Yes', 8L) process_rows /usr/local/lib/python2.7/dist-packages/sqlalchemy/engine/base.py:3193
2013-07-25 01:20:19.552 17012 DEBUG sqlalchemy.engine.base.Engine [-] Row (u'utf16_spanish_ci', u'utf16', 108L, u'', u'Yes', 8L) process_rows /usr/local/lib/python2.7/dist-packages/sqlalchemy/engine/base.py:3193
2013-07-25 01:20:19.553 17012 DEBUG sqlalchemy.engine.base.Engine [-] Row (u'utf16_swedish_ci', u'utf16', 109L, u'', u'Yes', 8L) process_rows /usr/local/lib/python2.7/dist-packages/sqlalchemy/engine/base.py:3193
2013-07-25 01:20:19.553 17012 DEBUG sqlalchemy.engine.base.Engine [-] Row (u'utf16_turkish_ci', u'utf16', 110L, u'', u'Yes', 8L) process_rows /usr/local/lib/python2.7/dist-packages/sqlalchemy/engine/base.py:3193
2013-07-25 01:20:19.553 17012 DEBUG sqlalchemy.engine.base.Engine [-] Row (u'utf16_czech_ci', u'utf16', 111L, u'', u'Yes', 8L) process_rows /usr/local/lib/python2.7/dist-packages/sqlalchemy/engine/base.py:3193
2013-07-25 01:20:19.553 17012 DEBUG sqlalchemy.engine.base.Engine [-] Row (u'utf16_danish_ci', u'utf16', 112L, u'', u'Yes', 8L) process_rows /usr/local/lib/python2.7/dist-packages/sqlalchemy/engine/base.py:3193
2013-07-25 01:20:19.553 17012 DEBUG sqlalchemy.engine.base.Engine [-] Row (u'utf16_lithuanian_ci', u'utf16', 113L, u'', u'Yes', 8L) process_rows /usr/local/lib/python2.7/dist-packages/sqlalchemy/engine/base.py:3193
2013-07-25 01:20:19.553 17012 DEBUG sqlalchemy.engine.base.Engine [-] Row (u'utf16_slovak_ci', u'utf16', 114L, u'', u'Yes', 8L) process_rows /usr/local/lib/python2.7/dist-packages/sqlalchemy/engine/base.py:3193
2013-07-25 01:20:19.553 17012 DEBUG sqlalchemy.engine.base.Engine [-] Row (u'utf16_spanish2_ci', u'utf16', 115L, u'', u'Yes', 8L) process_rows /usr/local/lib/python2.7/dist-packages/sqlalchemy/engine/base.py:3193
2013-07-25 01:20:19.553 17012 DEBUG sqlalchemy.engine.base.Engine [-] Row (u'utf16_roman_ci', u'utf16', 116L, u'', u'Yes', 8L) process_rows /usr/local/lib/python2.7/dist-packages/sqlalchemy/engine/base.py:3193
2013-07-25 01:20:19.553 17012 DEBUG sqlalchemy.engine.base.Engine [-] Row (u'utf16_persian_ci', u'utf16', 117L, u'', u'Yes', 8L) process_rows /usr/local/lib/python2.7/dist-packages/sqlalchemy/engine/base.py:3193
2013-07-25 01:20:19.553 17012 DEBUG sqlalchemy.engine.base.Engine [-] Row (u'utf16_esperanto_ci', u'utf16', 118L, u'', u'Yes', 8L) process_rows /usr/local/lib/python2.7/dist-packages/sqlalchemy/engine/base.py:3193
2013-07-25 01:20:19.554 17012 DEBUG sqlalchemy.engine.base.Engine [-] Row (u'utf16_hungarian_ci', u'utf16', 119L, u'', u'Yes', 8L) process_rows /usr/local/lib/python2.7/dist-packages/sqlalchemy/engine/base.py:3193
2013-07-25 01:20:19.554 17012 DEBUG sqlalchemy.engine.base.Engine [-] Row (u'utf16_sinhala_ci', u'utf16', 120L, u'', u'Yes', 8L) process_rows /usr/local/lib/python2.7/dist-packages/sqlalchemy/engine/base.py:3193
2013-07-25 01:20:19.554 17012 DEBUG sqlalchemy.engine.base.Engine [-] Row (u'cp1256_general_ci', u'cp1256', 57L, u'Yes', u'Yes', 1L) process_rows /usr/local/lib/python2.7/dist-packages/sqlalchemy/engine/base.py:3193
2013-07-25 01:20:19.554 17012 DEBUG sqlalchemy.engine.base.Engine [-] Row (u'cp1256_bin', u'cp1256', 67L, u'', u'Yes', 1L) process_rows /usr/local/lib/python2.7/dist-packages/sqlalchemy/engine/base.py:3193
2013-07-25 01:20:19.554 17012 DEBUG sqlalchemy.engine.base.Engine [-] Row (u'cp1257_lithuanian_ci', u'cp1257', 29L, u'', u'Yes', 1L) process_rows /usr/local/lib/python2.7/dist-packages/sqlalchemy/engine/base.py:3193
2013-07-25 01:20:19.554 17012 DEBUG sqlalchemy.engine.base.Engine [-] Row (u'cp1257_bin', u'cp1257', 58L, u'', u'Yes', 1L) process_rows /usr/local/lib/python2.7/dist-packages/sqlalchemy/engine/base.py:3193
2013-07-25 01:20:19.554 17012 DEBUG sqlalchemy.engine.base.Engine [-] Row (u'cp1257_general_ci', u'cp1257', 59L, u'Yes', u'Yes', 1L) process_rows /usr/local/lib/python2.7/dist-packages/sqlalchemy/engine/base.py:3193
2013-07-25 01:20:19.554 17012 DEBUG sqlalchemy.engine.base.Engine [-] Row (u'utf32_general_ci', u'utf32', 60L, u'Yes', u'Yes', 1L) process_rows /usr/local/lib/python2.7/dist-packages/sqlalchemy/engine/base.py:3193
2013-07-25 01:20:19.554 17012 DEBUG sqlalchemy.engine.base.Engine [-] Row (u'utf32_bin', u'utf32', 61L, u'', u'Yes', 1L) process_rows /usr/local/lib/python2.7/dist-packages/sqlalchemy/engine/base.py:3193
2013-07-25 01:20:19.555 17012 DEBUG sqlalchemy.engine.base.Engine [-] Row (u'utf32_unicode_ci', u'utf32', 160L, u'', u'Yes', 8L) process_rows /usr/local/lib/python2.7/dist-packages/sqlalchemy/engine/base.py:3193
2013-07-25 01:20:19.555 17012 DEBUG sqlalchemy.engine.base.Engine [-] Row (u'utf32_icelandic_ci', u'utf32', 161L, u'', u'Yes', 8L) process_rows /usr/local/lib/python2.7/dist-packages/sqlalchemy/engine/base.py:3193
2013-07-25 01:20:19.555 17012 DEBUG sqlalchemy.engine.base.Engine [-] Row (u'utf32_latvian_ci', u'utf32', 162L, u'', u'Yes', 8L) process_rows /usr/local/lib/python2.7/dist-packages/sqlalchemy/engine/base.py:3193
2013-07-25 01:20:19.555 17012 DEBUG sqlalchemy.engine.base.Engine [-] Row (u'utf32_romanian_ci', u'utf32', 163L, u'', u'Yes', 8L) process_rows /usr/local/lib/python2.7/dist-packages/sqlalchemy/engine/base.py:3193
2013-07-25 01:20:19.555 17012 DEBUG sqlalchemy.engine.base.Engine [-] Row (u'utf32_slovenian_ci', u'utf32', 164L, u'', u'Yes', 8L) process_rows /usr/local/lib/python2.7/dist-packages/sqlalchemy/engine/base.py:3193
2013-07-25 01:20:19.555 17012 DEBUG sqlalchemy.engine.base.Engine [-] Row (u'utf32_polish_ci', u'utf32', 165L, u'', u'Yes', 8L) process_rows /usr/local/lib/python2.7/dist-packages/sqlalchemy/engine/base.py:3193
2013-07-25 01:20:19.555 17012 DEBUG sqlalchemy.engine.base.Engine [-] Row (u'utf32_estonian_ci', u'utf32', 166L, u'', u'Yes', 8L) process_rows /usr/local/lib/python2.7/dist-packages/sqlalchemy/engine/base.py:3193
2013-07-25 01:20:19.555 17012 DEBUG sqlalchemy.engine.base.Engine [-] Row (u'utf32_spanish_ci', u'utf32', 167L, u'', u'Yes', 8L) process_rows /usr/local/lib/python2.7/dist-packages/sqlalchemy/engine/base.py:3193
2013-07-25 01:20:19.555 17012 DEBUG sqlalchemy.engine.base.Engine [-] Row (u'utf32_swedish_ci', u'utf32', 168L, u'', u'Yes', 8L) process_rows /usr/local/lib/python2.7/dist-packages/sqlalchemy/engine/base.py:3193
2013-07-25 01:20:19.556 17012 DEBUG sqlalchemy.engine.base.Engine [-] Row (u'utf32_turkish_ci', u'utf32', 169L, u'', u'Yes', 8L) process_rows /usr/local/lib/python2.7/dist-packages/sqlalchemy/engine/base.py:3193
2013-07-25 01:20:19.556 17012 DEBUG sqlalchemy.engine.base.Engine [-] Row (u'utf32_czech_ci', u'utf32', 170L, u'', u'Yes', 8L) process_rows /usr/local/lib/python2.7/dist-packages/sqlalchemy/engine/base.py:3193
2013-07-25 01:20:19.556 17012 DEBUG sqlalchemy.engine.base.Engine [-] Row (u'utf32_danish_ci', u'utf32', 171L, u'', u'Yes', 8L) process_rows /usr/local/lib/python2.7/dist-packages/sqlalchemy/engine/base.py:3193
2013-07-25 01:20:19.556 17012 DEBUG sqlalchemy.engine.base.Engine [-] Row (u'utf32_lithuanian_ci', u'utf32', 172L, u'', u'Yes', 8L) process_rows /usr/local/lib/python2.7/dist-packages/sqlalchemy/engine/base.py:3193
2013-07-25 01:20:19.556 17012 DEBUG sqlalchemy.engine.base.Engine [-] Row (u'utf32_slovak_ci', u'utf32', 173L, u'', u'Yes', 8L) process_rows /usr/local/lib/python2.7/dist-packages/sqlalchemy/engine/base.py:3193
2013-07-25 01:20:19.556 17012 DEBUG sqlalchemy.engine.base.Engine [-] Row (u'utf32_spanish2_ci', u'utf32', 174L, u'', u'Yes', 8L) process_rows /usr/local/lib/python2.7/dist-packages/sqlalchemy/engine/base.py:3193
2013-07-25 01:20:19.556 17012 DEBUG sqlalchemy.engine.base.Engine [-] Row (u'utf32_roman_ci', u'utf32', 175L, u'', u'Yes', 8L) process_rows /usr/local/lib/python2.7/dist-packages/sqlalchemy/engine/base.py:3193
2013-07-25 01:20:19.556 17012 DEBUG sqlalchemy.engine.base.Engine [-] Row (u'utf32_persian_ci', u'utf32', 176L, u'', u'Yes', 8L) process_rows /usr/local/lib/python2.7/dist-packages/sqlalchemy/engine/base.py:3193
2013-07-25 01:20:19.556 17012 DEBUG sqlalchemy.engine.base.Engine [-] Row (u'utf32_esperanto_ci', u'utf32', 177L, u'', u'Yes', 8L) process_rows /usr/local/lib/python2.7/dist-packages/sqlalchemy/engine/base.py:3193
2013-07-25 01:20:19.556 17012 DEBUG sqlalchemy.engine.base.Engine [-] Row (u'utf32_hungarian_ci', u'utf32', 178L, u'', u'Yes', 8L) process_rows /usr/local/lib/python2.7/dist-packages/sqlalchemy/engine/base.py:3193
2013-07-25 01:20:19.557 17012 DEBUG sqlalchemy.engine.base.Engine [-] Row (u'utf32_sinhala_ci', u'utf32', 179L, u'', u'Yes', 8L) process_rows /usr/local/lib/python2.7/dist-packages/sqlalchemy/engine/base.py:3193
2013-07-25 01:20:19.557 17012 DEBUG sqlalchemy.engine.base.Engine [-] Row (u'binary', u'binary', 63L, u'Yes', u'Yes', 1L) process_rows /usr/local/lib/python2.7/dist-packages/sqlalchemy/engine/base.py:3193
2013-07-25 01:20:19.557 17012 DEBUG sqlalchemy.engine.base.Engine [-] Row (u'geostd8_general_ci', u'geostd8', 92L, u'Yes', u'Yes', 1L) process_rows /usr/local/lib/python2.7/dist-packages/sqlalchemy/engine/base.py:3193
2013-07-25 01:20:19.557 17012 DEBUG sqlalchemy.engine.base.Engine [-] Row (u'geostd8_bin', u'geostd8', 93L, u'', u'Yes', 1L) process_rows /usr/local/lib/python2.7/dist-packages/sqlalchemy/engine/base.py:3193
2013-07-25 01:20:19.557 17012 DEBUG sqlalchemy.engine.base.Engine [-] Row (u'cp932_japanese_ci', u'cp932', 95L, u'Yes', u'Yes', 1L) process_rows /usr/local/lib/python2.7/dist-packages/sqlalchemy/engine/base.py:3193
2013-07-25 01:20:19.557 17012 DEBUG sqlalchemy.engine.base.Engine [-] Row (u'cp932_bin', u'cp932', 96L, u'', u'Yes', 1L) process_rows /usr/local/lib/python2.7/dist-packages/sqlalchemy/engine/base.py:3193
2013-07-25 01:20:19.557 17012 DEBUG sqlalchemy.engine.base.Engine [-] Row (u'eucjpms_japanese_ci', u'eucjpms', 97L, u'Yes', u'Yes', 1L) process_rows /usr/local/lib/python2.7/dist-packages/sqlalchemy/engine/base.py:3193
2013-07-25 01:20:19.557 17012 DEBUG sqlalchemy.engine.base.Engine [-] Row (u'eucjpms_bin', u'eucjpms', 98L, u'', u'Yes', 1L) process_rows /usr/local/lib/python2.7/dist-packages/sqlalchemy/engine/base.py:3193
2013-07-25 01:20:19.558 17012 INFO sqlalchemy.engine.base.Engine [-] SHOW VARIABLES LIKE 'sql_mode'
2013-07-25 01:20:19.558 17012 INFO sqlalchemy.engine.base.Engine [-] ()
2013-07-25 01:20:19.559 17012 DEBUG sqlalchemy.engine.base.Engine [-] Col ('Variable_name', 'Value') __init__ /usr/local/lib/python2.7/dist-packages/sqlalchemy/engine/base.py:2788
2013-07-25 01:20:19.559 17012 DEBUG sqlalchemy.engine.base.Engine [-] Row (u'sql_mode', u'') process_rows /usr/local/lib/python2.7/dist-packages/sqlalchemy/engine/base.py:3193
2013-07-25 01:20:19.560 17012 INFO glance.db.sqlalchemy.api [-] not auto-creating glance registry DB
2013-07-25 01:20:19.560 17012 DEBUG glance.notifier [-] Converted strategy alias rabbit to glance.notifier.notify_kombu.RabbitStrategy __init__ /opt/stack/glance/glance/notifier/__init__.py:56
2013-07-25 01:20:19.561 17012 INFO glance.notifier.notify_kombu [-] Connecting to AMQP server on localhost:5672
2013-07-25 01:20:19.566 17012 INFO glance.notifier.notify_kombu [-] Connected to AMQP server on localhost:5672
2013-07-25 01:20:19.566 17012 DEBUG glance.notifier [-] Converted strategy alias rabbit to glance.notifier.notify_kombu.RabbitStrategy __init__ /opt/stack/glance/glance/notifier/__init__.py:56
2013-07-25 01:20:19.567 17012 INFO glance.notifier.notify_kombu [-] Connecting to AMQP server on localhost:5672
2013-07-25 01:20:19.572 17012 INFO glance.notifier.notify_kombu [-] Connected to AMQP server on localhost:5672
2013-07-25 01:20:19.572 17012 DEBUG glance.notifier [-] Converted strategy alias rabbit to glance.notifier.notify_kombu.RabbitStrategy __init__ /opt/stack/glance/glance/notifier/__init__.py:56
2013-07-25 01:20:19.573 17012 INFO glance.notifier.notify_kombu [-] Connecting to AMQP server on localhost:5672
2013-07-25 01:20:19.578 17012 INFO glance.notifier.notify_kombu [-] Connected to AMQP server on localhost:5672
2013-07-25 01:20:19.580 17012 DEBUG glance.notifier [-] Converted strategy alias rabbit to glance.notifier.notify_kombu.RabbitStrategy __init__ /opt/stack/glance/glance/notifier/__init__.py:56
2013-07-25 01:20:19.580 17012 INFO glance.notifier.notify_kombu [-] Connecting to AMQP server on localhost:5672
2013-07-25 01:20:19.586 17012 INFO glance.notifier.notify_kombu [-] Connected to AMQP server on localhost:5672
2013-07-25 01:20:19.586 17012 DEBUG glance.notifier [-] Converted strategy alias rabbit to glance.notifier.notify_kombu.RabbitStrategy __init__ /opt/stack/glance/glance/notifier/__init__.py:56
2013-07-25 01:20:19.586 17012 INFO glance.notifier.notify_kombu [-] Connecting to AMQP server on localhost:5672
2013-07-25 01:20:19.591 17012 INFO glance.notifier.notify_kombu [-] Connected to AMQP server on localhost:5672
2013-07-25 01:20:19.598 17012 INFO glance.image_cache [-] Image cache loaded driver 'sqlite'.
2013-07-25 01:20:19.724 17012 INFO glance.api.middleware.cache_manage [-] Initialized image cache management middleware
2013-07-25 01:20:19.725 17012 INFO glance.image_cache [-] Image cache loaded driver 'sqlite'.
2013-07-25 01:20:19.725 17012 DEBUG glance.notifier [-] Converted strategy alias rabbit to glance.notifier.notify_kombu.RabbitStrategy __init__ /opt/stack/glance/glance/notifier/__init__.py:56
2013-07-25 01:20:19.726 17012 INFO glance.notifier.notify_kombu [-] Connecting to AMQP server on localhost:5672
2013-07-25 01:20:19.732 17012 INFO glance.notifier.notify_kombu [-] Connected to AMQP server on localhost:5672
2013-07-25 01:20:19.732 17012 INFO glance.api.middleware.cache [-] Initialized image cache middleware
2013-07-25 01:20:19.732 17012 DEBUG glance.common.config [-] ******************************************************************************** log_opt_values /usr/local/lib/python2.7/dist-packages/oslo/config/cfg.py:1433
2013-07-25 01:20:19.733 17012 DEBUG glance.common.config [-] Configuration options gathered from: log_opt_values /usr/local/lib/python2.7/dist-packages/oslo/config/cfg.py:1434
2013-07-25 01:20:19.733 17012 DEBUG glance.common.config [-] command line args: None log_opt_values /usr/local/lib/python2.7/dist-packages/oslo/config/cfg.py:1435
2013-07-25 01:20:19.733 17012 DEBUG glance.common.config [-] config files: ['/etc/glance/glance-api.conf'] log_opt_values /usr/local/lib/python2.7/dist-packages/oslo/config/cfg.py:1436
2013-07-25 01:20:19.733 17012 DEBUG glance.common.config [-] ================================================================================ log_opt_values /usr/local/lib/python2.7/dist-packages/oslo/config/cfg.py:1437
2013-07-25 01:20:19.733 17012 DEBUG glance.common.config [-] admin_password                 = **** log_opt_values /usr/local/lib/python2.7/dist-packages/oslo/config/cfg.py:1446
2013-07-25 01:20:19.733 17012 DEBUG glance.common.config [-] admin_role                     = admin log_opt_values /usr/local/lib/python2.7/dist-packages/oslo/config/cfg.py:1446
2013-07-25 01:20:19.733 17012 DEBUG glance.common.config [-] admin_tenant_name              = **** log_opt_values /usr/local/lib/python2.7/dist-packages/oslo/config/cfg.py:1446
2013-07-25 01:20:19.733 17012 DEBUG glance.common.config [-] admin_user                     = **** log_opt_values /usr/local/lib/python2.7/dist-packages/oslo/config/cfg.py:1446
2013-07-25 01:20:19.733 17012 DEBUG glance.common.config [-] allow_additional_image_properties = True log_opt_values /usr/local/lib/python2.7/dist-packages/oslo/config/cfg.py:1446
2013-07-25 01:20:19.734 17012 DEBUG glance.common.config [-] allow_anonymous_access         = False log_opt_values /usr/local/lib/python2.7/dist-packages/oslo/config/cfg.py:1446
2013-07-25 01:20:19.734 17012 DEBUG glance.common.config [-] api_limit_max                  = 1000 log_opt_values /usr/local/lib/python2.7/dist-packages/oslo/config/cfg.py:1446
2013-07-25 01:20:19.734 17012 DEBUG glance.common.config [-] auth_region                    = None log_opt_values /usr/local/lib/python2.7/dist-packages/oslo/config/cfg.py:1446
2013-07-25 01:20:19.734 17012 DEBUG glance.common.config [-] auth_strategy                  = noauth log_opt_values /usr/local/lib/python2.7/dist-packages/oslo/config/cfg.py:1446
2013-07-25 01:20:19.734 17012 DEBUG glance.common.config [-] auth_url                       = None log_opt_values /usr/local/lib/python2.7/dist-packages/oslo/config/cfg.py:1446
2013-07-25 01:20:19.734 17012 DEBUG glance.common.config [-] backlog                        = 4096 log_opt_values /usr/local/lib/python2.7/dist-packages/oslo/config/cfg.py:1446
2013-07-25 01:20:19.734 17012 DEBUG glance.common.config [-] bind_host                      = 0.0.0.0 log_opt_values /usr/local/lib/python2.7/dist-packages/oslo/config/cfg.py:1446
2013-07-25 01:20:19.734 17012 DEBUG glance.common.config [-] bind_port                      = 9292 log_opt_values /usr/local/lib/python2.7/dist-packages/oslo/config/cfg.py:1446
2013-07-25 01:20:19.734 17012 DEBUG glance.common.config [-] ca_file                        = None log_opt_values /usr/local/lib/python2.7/dist-packages/oslo/config/cfg.py:1446
2013-07-25 01:20:19.735 17012 DEBUG glance.common.config [-] cert_file                      = None log_opt_values /usr/local/lib/python2.7/dist-packages/oslo/config/cfg.py:1446
2013-07-25 01:20:19.735 17012 DEBUG glance.common.config [-] config_dir                     = None log_opt_values /usr/local/lib/python2.7/dist-packages/oslo/config/cfg.py:1446
2013-07-25 01:20:19.735 17012 DEBUG glance.common.config [-] config_file                    = ['/etc/glance/glance-api.conf'] log_opt_values /usr/local/lib/python2.7/dist-packages/oslo/config/cfg.py:1446
2013-07-25 01:20:19.735 17012 DEBUG glance.common.config [-] data_api                       = glance.db.sqlalchemy.api log_opt_values /usr/local/lib/python2.7/dist-packages/oslo/config/cfg.py:1446
2013-07-25 01:20:19.735 17012 DEBUG glance.common.config [-] db_auto_create                 = False log_opt_values /usr/local/lib/python2.7/dist-packages/oslo/config/cfg.py:1446
2013-07-25 01:20:19.735 17012 DEBUG glance.common.config [-] debug                          = True log_opt_values /usr/local/lib/python2.7/dist-packages/oslo/config/cfg.py:1446
2013-07-25 01:20:19.735 17012 DEBUG glance.common.config [-] default_log_levels             = ['amqplib=WARN', 'sqlalchemy=WARN', 'boto=WARN', 'suds=INFO', 'keystone=INFO', 'eventlet.wsgi.server=WARN'] log_opt_values /usr/local/lib/python2.7/dist-packages/oslo/config/cfg.py:1446
2013-07-25 01:20:19.736 17012 DEBUG glance.common.config [-] default_store                  = file log_opt_values /usr/local/lib/python2.7/dist-packages/oslo/config/cfg.py:1446
2013-07-25 01:20:19.736 17012 DEBUG glance.common.config [-] delayed_delete                 = False log_opt_values /usr/local/lib/python2.7/dist-packages/oslo/config/cfg.py:1446
2013-07-25 01:20:19.736 17012 DEBUG glance.common.config [-] enable_v1_api                  = True log_opt_values /usr/local/lib/python2.7/dist-packages/oslo/config/cfg.py:1446
2013-07-25 01:20:19.736 17012 DEBUG glance.common.config [-] enable_v2_api                  = True log_opt_values /usr/local/lib/python2.7/dist-packages/oslo/config/cfg.py:1446
2013-07-25 01:20:19.736 17012 DEBUG glance.common.config [-] fatal_deprecations             = False log_opt_values /usr/local/lib/python2.7/dist-packages/oslo/config/cfg.py:1446
2013-07-25 01:20:19.736 17012 DEBUG glance.common.config [-] filesystem_store_datadir       = /opt/stack/data/glance/images/ log_opt_values /usr/local/lib/python2.7/dist-packages/oslo/config/cfg.py:1446
2013-07-25 01:20:19.736 17012 DEBUG glance.common.config [-] image_cache_dir                = /opt/stack/data/glance/cache/ log_opt_values /usr/local/lib/python2.7/dist-packages/oslo/config/cfg.py:1446
2013-07-25 01:20:19.736 17012 DEBUG glance.common.config [-] image_cache_driver             = sqlite log_opt_values /usr/local/lib/python2.7/dist-packages/oslo/config/cfg.py:1446
2013-07-25 01:20:19.737 17012 DEBUG glance.common.config [-] image_cache_max_size           = 10737418240 log_opt_values /usr/local/lib/python2.7/dist-packages/oslo/config/cfg.py:1446
2013-07-25 01:20:19.737 17012 DEBUG glance.common.config [-] image_cache_sqlite_db          = cache.db log_opt_values /usr/local/lib/python2.7/dist-packages/oslo/config/cfg.py:1446
2013-07-25 01:20:19.737 17012 DEBUG glance.common.config [-] image_cache_stall_time         = 86400 log_opt_values /usr/local/lib/python2.7/dist-packages/oslo/config/cfg.py:1446
2013-07-25 01:20:19.737 17012 DEBUG glance.common.config [-] image_size_cap                 = 1099511627776 log_opt_values /usr/local/lib/python2.7/dist-packages/oslo/config/cfg.py:1446
2013-07-25 01:20:19.737 17012 DEBUG glance.common.config [-] instance_format                = [instance: %(uuid)s]  log_opt_values /usr/local/lib/python2.7/dist-packages/oslo/config/cfg.py:1446
2013-07-25 01:20:19.737 17012 DEBUG glance.common.config [-] instance_uuid_format           = [instance: %(uuid)s]  log_opt_values /usr/local/lib/python2.7/dist-packages/oslo/config/cfg.py:1446
2013-07-25 01:20:19.737 17012 DEBUG glance.common.config [-] key_file                       = None log_opt_values /usr/local/lib/python2.7/dist-packages/oslo/config/cfg.py:1446
2013-07-25 01:20:19.737 17012 DEBUG glance.common.config [-] known_stores                   = ['glance.store.filesystem.Store', 'glance.store.http.Store', 'glance.store.rbd.Store', 'glance.store.s3.Store', 'glance.store.swift.Store'] log_opt_values /usr/local/lib/python2.7/dist-packages/oslo/config/cfg.py:1446
2013-07-25 01:20:19.738 17012 DEBUG glance.common.config [-] limit_param_default            = 25 log_opt_values /usr/local/lib/python2.7/dist-packages/oslo/config/cfg.py:1446
2013-07-25 01:20:19.738 17012 DEBUG glance.common.config [-] log_config                     = None log_opt_values /usr/local/lib/python2.7/dist-packages/oslo/config/cfg.py:1446
2013-07-25 01:20:19.738 17012 DEBUG glance.common.config [-] log_date_format                = %Y-%m-%d %H:%M:%S log_opt_values /usr/local/lib/python2.7/dist-packages/oslo/config/cfg.py:1446
2013-07-25 01:20:19.738 17012 DEBUG glance.common.config [-] log_dir                        = None log_opt_values /usr/local/lib/python2.7/dist-packages/oslo/config/cfg.py:1446
2013-07-25 01:20:19.738 17012 DEBUG glance.common.config [-] log_file                       = None log_opt_values /usr/local/lib/python2.7/dist-packages/oslo/config/cfg.py:1446
2013-07-25 01:20:19.738 17012 DEBUG glance.common.config [-] log_format                     = %(asctime)s %(levelname)8s [%(name)s] %(message)s log_opt_values /usr/local/lib/python2.7/dist-packages/oslo/config/cfg.py:1446
2013-07-25 01:20:19.738 17012 DEBUG glance.common.config [-] logfile_mode                   = 0644 log_opt_values /usr/local/lib/python2.7/dist-packages/oslo/config/cfg.py:1446
2013-07-25 01:20:19.739 17012 DEBUG glance.common.config [-] logging_context_format_string  = %(asctime)s.%(msecs)03d %(levelname)s %(name)s [%(request_id)s %(user)s %(tenant)s] %(instance)s%(message)s log_opt_values /usr/local/lib/python2.7/dist-packages/oslo/config/cfg.py:1446
2013-07-25 01:20:19.739 17012 DEBUG glance.common.config [-] logging_debug_format_suffix    = %(funcName)s %(pathname)s:%(lineno)d log_opt_values /usr/local/lib/python2.7/dist-packages/oslo/config/cfg.py:1446
2013-07-25 01:20:19.739 17012 DEBUG glance.common.config [-] logging_default_format_string  = %(asctime)s.%(msecs)03d %(process)d %(levelname)s %(name)s [-] %(instance)s%(message)s log_opt_values /usr/local/lib/python2.7/dist-packages/oslo/config/cfg.py:1446
2013-07-25 01:20:19.739 17012 DEBUG glance.common.config [-] logging_exception_prefix       = %(asctime)s.%(msecs)03d %(process)d TRACE %(name)s %(instance)s log_opt_values /usr/local/lib/python2.7/dist-packages/oslo/config/cfg.py:1446
2013-07-25 01:20:19.739 17012 DEBUG glance.common.config [-] metadata_encryption_key        = **** log_opt_values /usr/local/lib/python2.7/dist-packages/oslo/config/cfg.py:1446
2013-07-25 01:20:19.739 17012 DEBUG glance.common.config [-] notifier_strategy              = rabbit log_opt_values /usr/local/lib/python2.7/dist-packages/oslo/config/cfg.py:1446
2013-07-25 01:20:19.740 17012 DEBUG glance.common.config [-] owner_is_tenant                = True log_opt_values /usr/local/lib/python2.7/dist-packages/oslo/config/cfg.py:1446
2013-07-25 01:20:19.740 17012 DEBUG glance.common.config [-] policy_default_rule            = default log_opt_values /usr/local/lib/python2.7/dist-packages/oslo/config/cfg.py:1446
2013-07-25 01:20:19.740 17012 DEBUG glance.common.config [-] policy_file                    = policy.json log_opt_values /usr/local/lib/python2.7/dist-packages/oslo/config/cfg.py:1446
2013-07-25 01:20:19.740 17012 DEBUG glance.common.config [-] publish_errors                 = False log_opt_values /usr/local/lib/python2.7/dist-packages/oslo/config/cfg.py:1446
2013-07-25 01:20:19.740 17012 DEBUG glance.common.config [-] pydev_worker_debug_host        = None log_opt_values /usr/local/lib/python2.7/dist-packages/oslo/config/cfg.py:1446
2013-07-25 01:20:19.740 17012 DEBUG glance.common.config [-] pydev_worker_debug_port        = 5678 log_opt_values /usr/local/lib/python2.7/dist-packages/oslo/config/cfg.py:1446
2013-07-25 01:20:19.740 17012 DEBUG glance.common.config [-] rabbit_durable_queues          = False log_opt_values /usr/local/lib/python2.7/dist-packages/oslo/config/cfg.py:1446
2013-07-25 01:20:19.740 17012 DEBUG glance.common.config [-] rabbit_host                    = localhost log_opt_values /usr/local/lib/python2.7/dist-packages/oslo/config/cfg.py:1446
2013-07-25 01:20:19.741 17012 DEBUG glance.common.config [-] rabbit_max_retries             = 0 log_opt_values /usr/local/lib/python2.7/dist-packages/oslo/config/cfg.py:1446
2013-07-25 01:20:19.741 17012 DEBUG glance.common.config [-] rabbit_notification_exchange   = glance log_opt_values /usr/local/lib/python2.7/dist-packages/oslo/config/cfg.py:1446
2013-07-25 01:20:19.741 17012 DEBUG glance.common.config [-] rabbit_notification_topic      = notifications log_opt_values /usr/local/lib/python2.7/dist-packages/oslo/config/cfg.py:1446
2013-07-25 01:20:19.741 17012 DEBUG glance.common.config [-] rabbit_password                = 25be6bc02b307784e519 log_opt_values /usr/local/lib/python2.7/dist-packages/oslo/config/cfg.py:1446
2013-07-25 01:20:19.741 17012 DEBUG glance.common.config [-] rabbit_port                    = 5672 log_opt_values /usr/local/lib/python2.7/dist-packages/oslo/config/cfg.py:1446
2013-07-25 01:20:19.741 17012 DEBUG glance.common.config [-] rabbit_retry_backoff           = 2 log_opt_values /usr/local/lib/python2.7/dist-packages/oslo/config/cfg.py:1446
2013-07-25 01:20:19.741 17012 DEBUG glance.common.config [-] rabbit_retry_max_backoff       = 30 log_opt_values /usr/local/lib/python2.7/dist-packages/oslo/config/cfg.py:1446
2013-07-25 01:20:19.741 17012 DEBUG glance.common.config [-] rabbit_use_ssl                 = False log_opt_values /usr/local/lib/python2.7/dist-packages/oslo/config/cfg.py:1446
2013-07-25 01:20:19.741 17012 DEBUG glance.common.config [-] rabbit_userid                  = guest log_opt_values /usr/local/lib/python2.7/dist-packages/oslo/config/cfg.py:1446
2013-07-25 01:20:19.742 17012 DEBUG glance.common.config [-] rabbit_virtual_host            = / log_opt_values /usr/local/lib/python2.7/dist-packages/oslo/config/cfg.py:1446
2013-07-25 01:20:19.742 17012 DEBUG glance.common.config [-] rbd_store_ceph_conf            = /etc/ceph/ceph.conf log_opt_values /usr/local/lib/python2.7/dist-packages/oslo/config/cfg.py:1446
2013-07-25 01:20:19.742 17012 DEBUG glance.common.config [-] rbd_store_chunk_size           = 8 log_opt_values /usr/local/lib/python2.7/dist-packages/oslo/config/cfg.py:1446
2013-07-25 01:20:19.742 17012 DEBUG glance.common.config [-] rbd_store_pool                 = images log_opt_values /usr/local/lib/python2.7/dist-packages/oslo/config/cfg.py:1446
2013-07-25 01:20:19.742 17012 DEBUG glance.common.config [-] rbd_store_user                 = glance log_opt_values /usr/local/lib/python2.7/dist-packages/oslo/config/cfg.py:1446
2013-07-25 01:20:19.742 17012 DEBUG glance.common.config [-] registry_client_ca_file        = None log_opt_values /usr/local/lib/python2.7/dist-packages/oslo/config/cfg.py:1446
2013-07-25 01:20:19.742 17012 DEBUG glance.common.config [-] registry_client_cert_file      = None log_opt_values /usr/local/lib/python2.7/dist-packages/oslo/config/cfg.py:1446
2013-07-25 01:20:19.742 17012 DEBUG glance.common.config [-] registry_client_insecure       = False log_opt_values /usr/local/lib/python2.7/dist-packages/oslo/config/cfg.py:1446
2013-07-25 01:20:19.743 17012 DEBUG glance.common.config [-] registry_client_key_file       = None log_opt_values /usr/local/lib/python2.7/dist-packages/oslo/config/cfg.py:1446
2013-07-25 01:20:19.743 17012 DEBUG glance.common.config [-] registry_client_protocol       = http log_opt_values /usr/local/lib/python2.7/dist-packages/oslo/config/cfg.py:1446
2013-07-25 01:20:19.743 17012 DEBUG glance.common.config [-] registry_client_timeout        = 600 log_opt_values /usr/local/lib/python2.7/dist-packages/oslo/config/cfg.py:1446
2013-07-25 01:20:19.743 17012 DEBUG glance.common.config [-] registry_host                  = 0.0.0.0 log_opt_values /usr/local/lib/python2.7/dist-packages/oslo/config/cfg.py:1446
2013-07-25 01:20:19.743 17012 DEBUG glance.common.config [-] registry_port                  = 9191 log_opt_values /usr/local/lib/python2.7/dist-packages/oslo/config/cfg.py:1446
2013-07-25 01:20:19.743 17012 DEBUG glance.common.config [-] s3_store_access_key            = ************************ log_opt_values /usr/local/lib/python2.7/dist-packages/oslo/config/cfg.py:1446
2013-07-25 01:20:19.743 17012 DEBUG glance.common.config [-] s3_store_bucket                = <lowercased 20-char aws access key>glance log_opt_values /usr/local/lib/python2.7/dist-packages/oslo/config/cfg.py:1446
2013-07-25 01:20:19.743 17012 DEBUG glance.common.config [-] s3_store_bucket_url_format     = subdomain log_opt_values /usr/local/lib/python2.7/dist-packages/oslo/config/cfg.py:1446
2013-07-25 01:20:19.744 17012 DEBUG glance.common.config [-] s3_store_create_bucket_on_put  = False log_opt_values /usr/local/lib/python2.7/dist-packages/oslo/config/cfg.py:1446
2013-07-25 01:20:19.744 17012 DEBUG glance.common.config [-] s3_store_host                  = 127.0.0.1:8080/v1.0/ log_opt_values /usr/local/lib/python2.7/dist-packages/oslo/config/cfg.py:1446
2013-07-25 01:20:19.744 17012 DEBUG glance.common.config [-] s3_store_object_buffer_dir     = None log_opt_values /usr/local/lib/python2.7/dist-packages/oslo/config/cfg.py:1446
2013-07-25 01:20:19.744 17012 DEBUG glance.common.config [-] s3_store_secret_key            = ************************ log_opt_values /usr/local/lib/python2.7/dist-packages/oslo/config/cfg.py:1446
2013-07-25 01:20:19.744 17012 DEBUG glance.common.config [-] scrub_time                     = 43200 log_opt_values /usr/local/lib/python2.7/dist-packages/oslo/config/cfg.py:1446
2013-07-25 01:20:19.744 17012 DEBUG glance.common.config [-] scrubber_datadir               = /var/lib/glance/scrubber log_opt_values /usr/local/lib/python2.7/dist-packages/oslo/config/cfg.py:1446
2013-07-25 01:20:19.744 17012 DEBUG glance.common.config [-] show_image_direct_url          = False log_opt_values /usr/local/lib/python2.7/dist-packages/oslo/config/cfg.py:1446
2013-07-25 01:20:19.745 17012 DEBUG glance.common.config [-] sql_connection                 = *************************************************************** log_opt_values /usr/local/lib/python2.7/dist-packages/oslo/config/cfg.py:1446
2013-07-25 01:20:19.745 17012 DEBUG glance.common.config [-] sql_idle_timeout               = 3600 log_opt_values /usr/local/lib/python2.7/dist-packages/oslo/config/cfg.py:1446
2013-07-25 01:20:19.745 17012 DEBUG glance.common.config [-] sql_max_retries                = 60 log_opt_values /usr/local/lib/python2.7/dist-packages/oslo/config/cfg.py:1446
2013-07-25 01:20:19.745 17012 DEBUG glance.common.config [-] sql_retry_interval             = 1 log_opt_values /usr/local/lib/python2.7/dist-packages/oslo/config/cfg.py:1446
2013-07-25 01:20:19.745 17012 DEBUG glance.common.config [-] swift_enable_snet              = False log_opt_values /usr/local/lib/python2.7/dist-packages/oslo/config/cfg.py:1446
2013-07-25 01:20:19.745 17012 DEBUG glance.common.config [-] swift_store_admin_tenants      = [] log_opt_values /usr/local/lib/python2.7/dist-packages/oslo/config/cfg.py:1446
2013-07-25 01:20:19.745 17012 DEBUG glance.common.config [-] swift_store_auth_address       = 127.0.0.1:5000/v2.0/ log_opt_values /usr/local/lib/python2.7/dist-packages/oslo/config/cfg.py:1446
2013-07-25 01:20:19.745 17012 DEBUG glance.common.config [-] swift_store_auth_version       = 2 log_opt_values /usr/local/lib/python2.7/dist-packages/oslo/config/cfg.py:1446
2013-07-25 01:20:19.746 17012 DEBUG glance.common.config [-] swift_store_container          = glance log_opt_values /usr/local/lib/python2.7/dist-packages/oslo/config/cfg.py:1446
2013-07-25 01:20:19.746 17012 DEBUG glance.common.config [-] swift_store_create_container_on_put = False log_opt_values /usr/local/lib/python2.7/dist-packages/oslo/config/cfg.py:1446
2013-07-25 01:20:19.746 17012 DEBUG glance.common.config [-] swift_store_endpoint_type      = publicURL log_opt_values /usr/local/lib/python2.7/dist-packages/oslo/config/cfg.py:1446
2013-07-25 01:20:19.746 17012 DEBUG glance.common.config [-] swift_store_key                = ******************************** log_opt_values /usr/local/lib/python2.7/dist-packages/oslo/config/cfg.py:1446
2013-07-25 01:20:19.746 17012 DEBUG glance.common.config [-] swift_store_large_object_chunk_size = 200 log_opt_values /usr/local/lib/python2.7/dist-packages/oslo/config/cfg.py:1446
2013-07-25 01:20:19.746 17012 DEBUG glance.common.config [-] swift_store_large_object_size  = 5120 log_opt_values /usr/local/lib/python2.7/dist-packages/oslo/config/cfg.py:1446
2013-07-25 01:20:19.746 17012 DEBUG glance.common.config [-] swift_store_multi_tenant       = False log_opt_values /usr/local/lib/python2.7/dist-packages/oslo/config/cfg.py:1446
2013-07-25 01:20:19.746 17012 DEBUG glance.common.config [-] swift_store_region             = None log_opt_values /usr/local/lib/python2.7/dist-packages/oslo/config/cfg.py:1446
2013-07-25 01:20:19.747 17012 DEBUG glance.common.config [-] swift_store_service_type       = object-store log_opt_values /usr/local/lib/python2.7/dist-packages/oslo/config/cfg.py:1446
2013-07-25 01:20:19.747 17012 DEBUG glance.common.config [-] swift_store_user               = ********* log_opt_values /usr/local/lib/python2.7/dist-packages/oslo/config/cfg.py:1446
2013-07-25 01:20:19.747 17012 DEBUG glance.common.config [-] syslog_log_facility            = LOG_USER log_opt_values /usr/local/lib/python2.7/dist-packages/oslo/config/cfg.py:1446
2013-07-25 01:20:19.747 17012 DEBUG glance.common.config [-] tcp_keepidle                   = 600 log_opt_values /usr/local/lib/python2.7/dist-packages/oslo/config/cfg.py:1446
2013-07-25 01:20:19.747 17012 DEBUG glance.common.config [-] use_stderr                     = True log_opt_values /usr/local/lib/python2.7/dist-packages/oslo/config/cfg.py:1446
2013-07-25 01:20:19.747 17012 DEBUG glance.common.config [-] use_syslog                     = False log_opt_values /usr/local/lib/python2.7/dist-packages/oslo/config/cfg.py:1446
2013-07-25 01:20:19.747 17012 DEBUG glance.common.config [-] verbose                        = False log_opt_values /usr/local/lib/python2.7/dist-packages/oslo/config/cfg.py:1446
2013-07-25 01:20:19.748 17012 DEBUG glance.common.config [-] workers                        = 1 log_opt_values /usr/local/lib/python2.7/dist-packages/oslo/config/cfg.py:1446
2013-07-25 01:20:19.748 17012 DEBUG glance.common.config [-] paste_deploy.config_file       = None log_opt_values /usr/local/lib/python2.7/dist-packages/oslo/config/cfg.py:1454
2013-07-25 01:20:19.748 17012 DEBUG glance.common.config [-] paste_deploy.flavor            = keystone+cachemanagement log_opt_values /usr/local/lib/python2.7/dist-packages/oslo/config/cfg.py:1454
2013-07-25 01:20:19.748 17012 DEBUG glance.common.config [-] keystone_authtoken.admin_password = ******************** log_opt_values /usr/local/lib/python2.7/dist-packages/oslo/config/cfg.py:1454
2013-07-25 01:20:19.748 17012 DEBUG glance.common.config [-] keystone_authtoken.admin_tenant_name = service log_opt_values /usr/local/lib/python2.7/dist-packages/oslo/config/cfg.py:1454
2013-07-25 01:20:19.748 17012 DEBUG glance.common.config [-] keystone_authtoken.admin_token = **** log_opt_values /usr/local/lib/python2.7/dist-packages/oslo/config/cfg.py:1454
2013-07-25 01:20:19.748 17012 DEBUG glance.common.config [-] keystone_authtoken.admin_user  = glance log_opt_values /usr/local/lib/python2.7/dist-packages/oslo/config/cfg.py:1454
2013-07-25 01:20:19.748 17012 DEBUG glance.common.config [-] keystone_authtoken.auth_admin_prefix =  log_opt_values /usr/local/lib/python2.7/dist-packages/oslo/config/cfg.py:1454
2013-07-25 01:20:19.748 17012 DEBUG glance.common.config [-] keystone_authtoken.auth_host   = 129.127.10.133 log_opt_values /usr/local/lib/python2.7/dist-packages/oslo/config/cfg.py:1454
2013-07-25 01:20:19.749 17012 DEBUG glance.common.config [-] keystone_authtoken.auth_port   = 35357 log_opt_values /usr/local/lib/python2.7/dist-packages/oslo/config/cfg.py:1454
2013-07-25 01:20:19.749 17012 DEBUG glance.common.config [-] keystone_authtoken.auth_protocol = http log_opt_values /usr/local/lib/python2.7/dist-packages/oslo/config/cfg.py:1454
2013-07-25 01:20:19.749 17012 DEBUG glance.common.config [-] keystone_authtoken.auth_uri    = http://129.127.10.133:5000/ log_opt_values /usr/local/lib/python2.7/dist-packages/oslo/config/cfg.py:1454
2013-07-25 01:20:19.749 17012 DEBUG glance.common.config [-] keystone_authtoken.cache       = None log_opt_values /usr/local/lib/python2.7/dist-packages/oslo/config/cfg.py:1454
2013-07-25 01:20:19.749 17012 DEBUG glance.common.config [-] keystone_authtoken.certfile    = None log_opt_values /usr/local/lib/python2.7/dist-packages/oslo/config/cfg.py:1454
2013-07-25 01:20:19.749 17012 DEBUG glance.common.config [-] keystone_authtoken.delay_auth_decision = False log_opt_values /usr/local/lib/python2.7/dist-packages/oslo/config/cfg.py:1454
2013-07-25 01:20:19.749 17012 DEBUG glance.common.config [-] keystone_authtoken.http_connect_timeout = None log_opt_values /usr/local/lib/python2.7/dist-packages/oslo/config/cfg.py:1454
2013-07-25 01:20:19.749 17012 DEBUG glance.common.config [-] keystone_authtoken.keyfile     = None log_opt_values /usr/local/lib/python2.7/dist-packages/oslo/config/cfg.py:1454
2013-07-25 01:20:19.750 17012 DEBUG glance.common.config [-] keystone_authtoken.memcache_secret_key = **** log_opt_values /usr/local/lib/python2.7/dist-packages/oslo/config/cfg.py:1454
2013-07-25 01:20:19.750 17012 DEBUG glance.common.config [-] keystone_authtoken.memcache_security_strategy = None log_opt_values /usr/local/lib/python2.7/dist-packages/oslo/config/cfg.py:1454
2013-07-25 01:20:19.750 17012 DEBUG glance.common.config [-] keystone_authtoken.memcache_servers = None log_opt_values /usr/local/lib/python2.7/dist-packages/oslo/config/cfg.py:1454
2013-07-25 01:20:19.750 17012 DEBUG glance.common.config [-] keystone_authtoken.signing_dir = /var/cache/glance/api log_opt_values /usr/local/lib/python2.7/dist-packages/oslo/config/cfg.py:1454
2013-07-25 01:20:19.750 17012 DEBUG glance.common.config [-] keystone_authtoken.token_cache_time = 300 log_opt_values /usr/local/lib/python2.7/dist-packages/oslo/config/cfg.py:1454
2013-07-25 01:20:19.750 17012 DEBUG glance.common.config [-] ******************************************************************************** log_opt_values /usr/local/lib/python2.7/dist-packages/oslo/config/cfg.py:1456
2013-07-25 01:20:19.936 17029 DEBUG glance.api.middleware.version_negotiation [-] Determining version of request: GET / Accept: */* process_request /opt/stack/glance/glance/api/middleware/version_negotiation.py:46
2013-07-25 01:20:19.937 17029 DEBUG glance.api.middleware.version_negotiation [-] Using url versioning process_request /opt/stack/glance/glance/api/middleware/version_negotiation.py:59
2013-07-25 01:20:19.937 17029 DEBUG glance.api.middleware.version_negotiation [-] Unknown version. Returning version choices. process_request /opt/stack/glance/glance/api/middleware/version_negotiation.py:66
