stack@red:~/devstack$ cd /opt/stack/nova && /opt/stack/nova/bin/nova-network ||  touch "/opt/stack/status/stack/n-net.failure"
2013-07-25 00:56:30.793 [00;32mDEBUG nova.service [[00;36m-[00;32m] [01;35m[00;32min nova.service.create method to create a service: [00m [00;33mfrom (pid=28125) create /opt/stack/nova/nova/service.py:540[00m
2013-07-25 00:56:30.793 [00;32mDEBUG nova.service [[00;36m-[00;32m] [01;35m[00;32min nova.service.create method before call cls(host, binary, topic, manager...)[00m [00;33mfrom (pid=28125) create /opt/stack/nova/nova/service.py:557[00m
2013-07-25 00:56:30.793 [00;32mDEBUG nova.service [[00;36m-[00;32m] [01;35m[00;32mTO call servicegroup.API and set as self.servicegroup_api[00m [00;33mfrom (pid=28125) __init__ /opt/stack/nova/nova/service.py:413[00m
2013-07-25 00:56:30.794 [00;32mDEBUG nova.servicegroup.api [[00;36m-[00;32m] [01;35m[00;32mServiceGroup driver defined as an instance of db[00m [00;33mfrom (pid=28125) __new__ /opt/stack/nova/nova/servicegroup/api.py:62[00m
2013-07-25 00:56:30.794 [00;32mDEBUG nova.openstack.common.importutils [[00;36m-[00;32m] [01;35m[00;32mIn importutils file import_class method  to import module::nova.servicegroup.drivers.db.[00m [00;33mfrom (pid=28125) import_class /opt/stack/nova/nova/openstack/common/importutils.py:31[00m
2013-07-25 00:56:30.795 [00;32mDEBUG nova.openstack.common.importutils [[00;36m-[00;32m] [01;35m[00;32mExisting importutil file import_class method[00m [00;33mfrom (pid=28125) import_class /opt/stack/nova/nova/openstack/common/importutils.py:33[00m
2013-07-25 00:56:30.795 [00;32mDEBUG nova.conductor [[00;36m-[00;32m] [01;35m[00;32min conductor.__init__py API method using LOCALAPI[00m [00;33mfrom (pid=28125) API /opt/stack/nova/nova/conductor/__init__.py:24[00m
2013-07-25 00:56:30.795 [00;32mDEBUG nova.openstack.common.plugin.pluginmanager [[00;36m-[00;32m] [01;35m[00;32min openstack.common.plugin.pluginmanager.__init__ method[00m [00;33mfrom (pid=28125) __init__ /opt/stack/nova/nova/openstack/common/plugin/pluginmanager.py:52[00m
2013-07-25 00:56:30.795 [00;32mDEBUG nova.openstack.common.plugin.pluginmanager [[00;36m-[00;32m] [01;35m[00;32min pluginmanager.PluginManager.load_plugin method()[00m [00;33mfrom (pid=28125) load_plugins /opt/stack/nova/nova/openstack/common/plugin/pluginmanager.py:59[00m
2013-07-25 00:56:30.819 [00;32mDEBUG nova.openstack.common.plugin.pluginmanager [[00;36m-[00;32m] [01;35m[00;32mTO EXIT pluginmanager.PluginManager.load_plugin method()[00m [00;33mfrom (pid=28125) load_plugins /opt/stack/nova/nova/openstack/common/plugin/pluginmanager.py:75[00m
2013-07-25 00:56:30.819 [00;32mDEBUG nova.manager [[00;36m-[00;32m] [01;35m[00;32min nova.manager __init__ method  to call super(Manager,self).__init__(db_driver::name:: None)[00m [00;33mfrom (pid=28125) __init__ /opt/stack/nova/nova/manager.py:203[00m
2013-07-25 00:56:30.819 [00;32mDEBUG nova.db.base [[00;36m-[00;32m] [01;35m[00;32mWITHIN db.base.Base class __init__ to iport module db_driver::nova.db. JUST SET IN THIS CLASS. [00m [00;33mfrom (pid=28125) __init__ /opt/stack/nova/nova/db/base.py:40[00m
2013-07-25 00:56:30.819 [00;32mDEBUG nova.manager [[00;36m-[00;32m] [01;35m[00;32mExisting nova.manager __init__ method  to call super(Manager,self).__init__(db_driver)[00m [00;33mfrom (pid=28125) __init__ /opt/stack/nova/nova/manager.py:205[00m
2013-07-25 00:56:30.820 [00;32mDEBUG nova.openstack.common.importutils [[00;36m-[00;32m] [01;35m[00;32mIn importutils file import_class method  to import module::nova.api.openstack.compute.contrib.security_groups.[00m [00;33mfrom (pid=28125) import_class /opt/stack/nova/nova/openstack/common/importutils.py:31[00m
2013-07-25 00:56:30.887 [00;32mDEBUG nova.openstack.common.importutils [[00;36m-[00;32m] [01;35m[00;32mExisting importutil file import_class method[00m [00;33mfrom (pid=28125) import_class /opt/stack/nova/nova/openstack/common/importutils.py:33[00m
2013-07-25 00:56:30.888 [00;32mDEBUG nova.db.base [[00;36m-[00;32m] [01;35m[00;32mWITHIN db.base.Base class __init__ to iport module db_driver::nova.db. JUST SET IN THIS CLASS. [00m [00;33mfrom (pid=28125) __init__ /opt/stack/nova/nova/db/base.py:40[00m
2013-07-25 00:56:30.888 [00;32mDEBUG nova.openstack.common.importutils [[00;36m-[00;32m] [01;35m[00;32mIn importutils file import_class method  to import module::nova.network.sg.[00m [00;33mfrom (pid=28125) import_class /opt/stack/nova/nova/openstack/common/importutils.py:31[00m
2013-07-25 00:56:30.888 [00;32mDEBUG nova.openstack.common.importutils [[00;36m-[00;32m] [01;35m[00;32mExisting importutil file import_class method[00m [00;33mfrom (pid=28125) import_class /opt/stack/nova/nova/openstack/common/importutils.py:33[00m
2013-07-25 00:56:30.889 [00;32mDEBUG nova.servicegroup.api [[00;36m-[00;32m] [01;35m[00;32min servicgroup.api class API __new__ after import driver_class[00m [00;33mfrom (pid=28125) __new__ /opt/stack/nova/nova/servicegroup/api.py:70[00m
2013-07-25 00:56:30.889 [00;32mDEBUG nova.service [[00;36m-[00;32m] [01;35m[00;32mTo import manager_class::nova.network.manager.FlatDHCPManager [00m [00;33mfrom (pid=28125) __init__ /opt/stack/nova/nova/service.py:415[00m
2013-07-25 00:56:30.889 [00;32mDEBUG nova.openstack.common.importutils [[00;36m-[00;32m] [01;35m[00;32mIn importutils file import_class method  to import module::nova.network.manager.[00m [00;33mfrom (pid=28125) import_class /opt/stack/nova/nova/openstack/common/importutils.py:31[00m
2013-07-25 00:56:30.976 [00;36mINFO nova.manager [[00;36m-[00;36m] [01;35m[00;36mSkipping periodic task _periodic_update_dns because its interval is negative[00m
2013-07-25 00:56:30.977 [00;32mDEBUG nova.openstack.common.importutils [[00;36m-[00;32m] [01;35m[00;32mExisting importutil file import_class method[00m [00;33mfrom (pid=28125) import_class /opt/stack/nova/nova/openstack/common/importutils.py:33[00m
2013-07-25 00:56:30.977 [01;31mCRITICAL nova [[00;36m-[01;31m] [01;35m[01;31munsupported format character ' ' (0x20) at index 60[00m
[01;31m2013-07-25 00:56:30.977 TRACE nova [01;35m[00mTraceback (most recent call last):
[01;31m2013-07-25 00:56:30.977 TRACE nova [01;35m[00m  File "/opt/stack/nova/bin/nova-network", line 52, in <module>
[01;31m2013-07-25 00:56:30.977 TRACE nova [01;35m[00m    topic=CONF.network_topic)
[01;31m2013-07-25 00:56:30.977 TRACE nova [01;35m[00m  File "/opt/stack/nova/nova/service.py", line 563, in create
[01;31m2013-07-25 00:56:30.977 TRACE nova [01;35m[00m    db_allowed=db_allowed)
[01;31m2013-07-25 00:56:30.977 TRACE nova [01;35m[00m  File "/opt/stack/nova/nova/service.py", line 417, in __init__
[01;31m2013-07-25 00:56:30.977 TRACE nova [01;35m[00m    LOG.debug(_('The self.manager in Service class in nova.service.py is a %. TO initialize this manager as following::')%manager_class)
[01;31m2013-07-25 00:56:30.977 TRACE nova [01;35m[00mValueError: unsupported format character ' ' (0x20) at index 60
[01;31m2013-07-25 00:56:30.977 TRACE nova [01;35m[00m
stack@red:/opt/stack/nova$ 