stack@red:~/devstack$ cd /opt/stack/cinder && /opt/stack/cinder/bin/cinder-api - -config-file /etc/cinder/cinder.conf || touch "/opt/stack/status/stack/c-api.fai lure"
2013-07-26 00:57:24.830 [01;36mAUDIT cinder.api.extensions [[00;36m-[01;36m] [01;35m[01;36mInitializing extension manager.[00m
2013-07-26 00:57:24.832 [01;36mAUDIT cinder.api.extensions [[00;36m-[01;36m] [01;35m[01;36mLoaded extension: os-vol-image-meta[00m
2013-07-26 00:57:24.833 [01;36mAUDIT cinder.api.extensions [[00;36m-[01;36m] [01;35m[01;36mLoaded extension: os-quota-class-sets[00m
2013-07-26 00:57:24.834 [01;36mAUDIT cinder.api.extensions [[00;36m-[01;36m] [01;35m[01;36mLoaded extension: os-hosts[00m
2013-07-26 00:57:24.835 [01;36mAUDIT cinder.api.extensions [[00;36m-[01;36m] [01;35m[01;36mLoaded extension: os-types-extra-specs[00m
2013-07-26 00:57:24.839 [01;36mAUDIT cinder.api.extensions [[00;36m-[01;36m] [01;35m[01;36mLoaded extension: os-extended-snapshot-attributes[00m
2013-07-26 00:57:24.841 [01;36mAUDIT cinder.api.extensions [[00;36m-[01;36m] [01;35m[01;36mLoaded extension: os-vol-host-attr[00m
2013-07-26 00:57:24.997 [01;36mAUDIT cinder.api.extensions [[00;36m-[01;36m] [01;35m[01;36mLoaded extension: os-quota-sets[00m
2013-07-26 00:57:24.999 [01;36mAUDIT cinder.api.extensions [[00;36m-[01;36m] [01;35m[01;36mLoaded extension: os-volume-actions[00m
2013-07-26 00:57:24.999 [01;36mAUDIT cinder.api.extensions [[00;36m-[01;36m] [01;35m[01;36mLoaded extension: os-image-create[00m
2013-07-26 00:57:25.006 [01;36mAUDIT cinder.api.extensions [[00;36m-[01;36m] [01;35m[01;36mLoaded extension: os-services[00m
2013-07-26 00:57:25.007 [01;36mAUDIT cinder.api.extensions [[00;36m-[01;36m] [01;35m[01;36mLoaded extension: os-vol-tenant-attr[00m
2013-07-26 00:57:25.009 [01;36mAUDIT cinder.api.extensions [[00;36m-[01;36m] [01;35m[01;36mLoaded extension: os-types-manage[00m
2013-07-26 00:57:25.011 [01;36mAUDIT cinder.api.extensions [[00;36m-[01;36m] [01;35m[01;36mLoaded extension: backups[00m
2013-07-26 00:57:25.012 [01;36mAUDIT cinder.api.extensions [[00;36m-[01;36m] [01;35m[01;36mLoaded extension: os-admin-actions[00m
2013-07-26 00:57:25.039 [01;36mAUDIT cinder.api.extensions [[00;36m-[01;36m] [01;35m[01;36mInitializing extension manager.[00m
2013-07-26 00:57:25.039 [01;36mAUDIT cinder.api.extensions [[00;36m-[01;36m] [01;35m[01;36mLoaded extension: os-vol-image-meta[00m
2013-07-26 00:57:25.040 [01;36mAUDIT cinder.api.extensions [[00;36m-[01;36m] [01;35m[01;36mLoaded extension: os-quota-class-sets[00m
2013-07-26 00:57:25.040 [01;36mAUDIT cinder.api.extensions [[00;36m-[01;36m] [01;35m[01;36mLoaded extension: os-hosts[00m
2013-07-26 00:57:25.040 [01;36mAUDIT cinder.api.extensions [[00;36m-[01;36m] [01;35m[01;36mLoaded extension: os-types-extra-specs[00m
2013-07-26 00:57:25.041 [01;36mAUDIT cinder.api.extensions [[00;36m-[01;36m] [01;35m[01;36mLoaded extension: os-extended-snapshot-attributes[00m
2013-07-26 00:57:25.041 [01;36mAUDIT cinder.api.extensions [[00;36m-[01;36m] [01;35m[01;36mLoaded extension: os-vol-host-attr[00m
2013-07-26 00:57:25.041 [01;36mAUDIT cinder.api.extensions [[00;36m-[01;36m] [01;35m[01;36mLoaded extension: os-quota-sets[00m
2013-07-26 00:57:25.042 [01;36mAUDIT cinder.api.extensions [[00;36m-[01;36m] [01;35m[01;36mLoaded extension: os-volume-actions[00m
2013-07-26 00:57:25.042 [01;36mAUDIT cinder.api.extensions [[00;36m-[01;36m] [01;35m[01;36mLoaded extension: os-image-create[00m
2013-07-26 00:57:25.042 [01;36mAUDIT cinder.api.extensions [[00;36m-[01;36m] [01;35m[01;36mLoaded extension: os-services[00m
2013-07-26 00:57:25.042 [01;36mAUDIT cinder.api.extensions [[00;36m-[01;36m] [01;35m[01;36mLoaded extension: os-vol-tenant-attr[00m
2013-07-26 00:57:25.043 [01;36mAUDIT cinder.api.extensions [[00;36m-[01;36m] [01;35m[01;36mLoaded extension: os-types-manage[00m
2013-07-26 00:57:25.043 [01;36mAUDIT cinder.api.extensions [[00;36m-[01;36m] [01;35m[01;36mLoaded extension: backups[00m
2013-07-26 00:57:25.043 [01;36mAUDIT cinder.api.extensions [[00;36m-[01;36m] [01;35m[01;36mLoaded extension: os-admin-actions[00m
2013-07-26 00:57:25.094 [00;36mINFO cinder.wsgi [[00;36m-[00;36m] [01;35m[00;36mStarted osapi_volume on 0.0.0.0:8776[00m
