stack@red:~/devstack$ cd /opt/stack/nova && /opt/stack/nova/bin/nova-objectstore  || touch "/opt/stack/status/stack/n-obj.failure"
2013-07-25 00:56:43.234 [00;36mINFO nova.wsgi [[00;36m-[00;36m] [01;35m[00;36mS3 Objectstore listening on 0.0.0.0:3333[00m
2013-07-25 00:56:43.234 [00;32mDEBUG nova.service [[00;36m-[00;32m] [01;35m[00;32mTO serve the just created service. WITHIN service.py method(not in class) serve(server, workers = None) to set _launcher and launch_server()[00m [00;33mfrom (pid=29612) serve /opt/stack/nova/nova/service.py:713[00m
2013-07-25 00:56:43.234 [00;32mDEBUG nova.service [[00;36m-[00;32m] [01;35m[00;32mTO create a ServiceLauncher object to lanuch the server. [00m [00;33mfrom (pid=29612) serve /opt/stack/nova/nova/service.py:714[00m
2013-07-25 00:56:43.234 [00;32mDEBUG nova.service [[00;36m-[00;32m] [01;35m[00;32mA _launcher of ServiceLauncher class has been created. Start launch_server(server::<nova.wsgi.Server object at 0x962120c>) [00m [00;33mfrom (pid=29612) serve /opt/stack/nova/nova/service.py:716[00m
2013-07-25 00:56:43.235 [00;32mDEBUG nova.service [[00;36m-[00;32m] [01;35m[00;32mIn class Launcher launch_server method.[00m [00;33mfrom (pid=29612) launch_server /opt/stack/nova/nova/service.py:158[00m
2013-07-25 00:56:43.236 [00;32mDEBUG nova.service [[00;36m-[00;32m] [01;35m[00;32mIn nova.service.py wait method() the method belong to the module[00m [00;33mfrom (pid=29612) wait /opt/stack/nova/nova/service.py:721[00m
2013-07-25 00:56:43.236 [00;32mDEBUG nova.service [[00;36m-[00;32m] [01;35m[00;32mFull set of CONF:[00m [00;33mfrom (pid=29612) wait /opt/stack/nova/nova/service.py:198[00m
2013-07-25 00:56:43.236 [00;32mDEBUG nova.service [[00;36m-[00;32m] [01;35m[00;32mmetadata_listen_port : 8775[00m [00;33mfrom (pid=29612) wait /opt/stack/nova/nova/service.py:207[00m
2013-07-25 00:56:43.236 [00;32mDEBUG nova.service [[00;36m-[00;32m] [01;35m[00;32msql_connection_debug : 0[00m [00;33mfrom (pid=29612) wait /opt/stack/nova/nova/service.py:207[00m
2013-07-25 00:56:43.237 [00;32mDEBUG nova.service [[00;36m-[00;32m] [01;35m[00;32mcompute_topic : compute[00m [00;33mfrom (pid=29612) wait /opt/stack/nova/nova/service.py:207[00m
2013-07-25 00:56:43.237 [00;32mDEBUG nova.service [[00;36m-[00;32m] [01;35m[00;32mglance_port : 9292[00m [00;33mfrom (pid=29612) wait /opt/stack/nova/nova/service.py:207[00m
2013-07-25 00:56:43.237 [00;32mDEBUG nova.service [[00;36m-[00;32m] [01;35m[00;32mglance_api_servers : ['129.127.10.133:9292'][00m [00;33mfrom (pid=29612) wait /opt/stack/nova/nova/service.py:207[00m
2013-07-25 00:56:43.237 [00;32mDEBUG nova.service [[00;36m-[00;32m] [01;35m[00;32mosapi_compute_listen_port : 8774[00m [00;33mfrom (pid=29612) wait /opt/stack/nova/nova/service.py:207[00m
2013-07-25 00:56:43.237 [00;32mDEBUG nova.service [[00;36m-[00;32m] [01;35m[00;32muser_cert_subject : /C=US/ST=California/O=OpenStack/OU=NovaDev/CN=%.16s-%.16s-%s[00m [00;33mfrom (pid=29612) wait /opt/stack/nova/nova/service.py:207[00m
2013-07-25 00:56:43.237 [00;32mDEBUG nova.service [[00;36m-[00;32m] [01;35m[00;32mrun_external_periodic_tasks : True[00m [00;33mfrom (pid=29612) wait /opt/stack/nova/nova/service.py:207[00m
2013-07-25 00:56:43.238 [00;32mDEBUG nova.service [[00;36m-[00;32m] [01;35m[00;32mquota_ram : 51200[00m [00;33mfrom (pid=29612) wait /opt/stack/nova/nova/service.py:207[00m
2013-07-25 00:56:43.238 [00;32mDEBUG nova.service [[00;36m-[00;32m] [01;35m[00;32mosapi_compute_listen : 0.0.0.0[00m [00;33mfrom (pid=29612) wait /opt/stack/nova/nova/service.py:207[00m
2013-07-25 00:56:43.238 [00;32mDEBUG nova.service [[00;36m-[00;32m] [01;35m[00;32mssl_key_file : FLAG SET [00m [00;33mfrom (pid=29612) wait /opt/stack/nova/nova/service.py:205[00m
2013-07-25 00:56:43.238 [00;32mDEBUG nova.service [[00;36m-[00;32m] [01;35m[00;32mbackdoor_port : None[00m [00;33mfrom (pid=29612) wait /opt/stack/nova/nova/service.py:207[00m
2013-07-25 00:56:43.238 [00;32mDEBUG nova.service [[00;36m-[00;32m] [01;35m[00;32mmax_age : 0[00m [00;33mfrom (pid=29612) wait /opt/stack/nova/nova/service.py:207[00m
2013-07-25 00:56:43.238 [00;32mDEBUG nova.service [[00;36m-[00;32m] [01;35m[00;32menable_new_services : True[00m [00;33mfrom (pid=29612) wait /opt/stack/nova/nova/service.py:207[00m
2013-07-25 00:56:43.239 [00;32mDEBUG nova.service [[00;36m-[00;32m] [01;35m[00;32mmy_ip : 129.127.10.133[00m [00;33mfrom (pid=29612) wait /opt/stack/nova/nova/service.py:207[00m
2013-07-25 00:56:43.239 [00;32mDEBUG nova.service [[00;36m-[00;32m] [01;35m[00;32mquota_security_groups : 10[00m [00;33mfrom (pid=29612) wait /opt/stack/nova/nova/service.py:207[00m
2013-07-25 00:56:43.239 [00;32mDEBUG nova.service [[00;36m-[00;32m] [01;35m[00;32mlockout_attempts : 5[00m [00;33mfrom (pid=29612) wait /opt/stack/nova/nova/service.py:207[00m
2013-07-25 00:56:43.239 [00;32mDEBUG nova.service [[00;36m-[00;32m] [01;35m[00;32mpassword_length : 12[00m [00;33mfrom (pid=29612) wait /opt/stack/nova/nova/service.py:207[00m
2013-07-25 00:56:43.239 [00;32mDEBUG nova.service [[00;36m-[00;32m] [01;35m[00;32msecurity_group_handler : nova.network.sg.NullSecurityGroupHandler[00m [00;33mfrom (pid=29612) wait /opt/stack/nova/nova/service.py:207[00m
2013-07-25 00:56:43.239 [00;32mDEBUG nova.service [[00;36m-[00;32m] [01;35m[00;32mdefault_schedule_zone : None[00m [00;33mfrom (pid=29612) wait /opt/stack/nova/nova/service.py:207[00m
2013-07-25 00:56:43.240 [00;32mDEBUG nova.service [[00;36m-[00;32m] [01;35m[00;32mquota_injected_file_path_bytes : 255[00m [00;33mfrom (pid=29612) wait /opt/stack/nova/nova/service.py:207[00m
2013-07-25 00:56:43.240 [00;32mDEBUG nova.service [[00;36m-[00;32m] [01;35m[00;32msqlite_db : nova.sqlite[00m [00;33mfrom (pid=29612) wait /opt/stack/nova/nova/service.py:207[00m
2013-07-25 00:56:43.240 [00;32mDEBUG nova.service [[00;36m-[00;32m] [01;35m[00;32mosapi_compute_workers : None[00m [00;33mfrom (pid=29612) wait /opt/stack/nova/nova/service.py:207[00m
2013-07-25 00:56:43.240 [00;32mDEBUG nova.service [[00;36m-[00;32m] [01;35m[00;32mallow_resize_to_same_host : True[00m [00;33mfrom (pid=29612) wait /opt/stack/nova/nova/service.py:207[00m
2013-07-25 00:56:43.240 [00;32mDEBUG nova.service [[00;36m-[00;32m] [01;35m[00;32mrootwrap_config : /etc/nova/rootwrap.conf[00m [00;33mfrom (pid=29612) wait /opt/stack/nova/nova/service.py:207[00m
2013-07-25 00:56:43.240 [00;32mDEBUG nova.service [[00;36m-[00;32m] [01;35m[00;32mnotification_driver : [][00m [00;33mfrom (pid=29612) wait /opt/stack/nova/nova/service.py:207[00m
2013-07-25 00:56:43.241 [00;32mDEBUG nova.service [[00;36m-[00;32m] [01;35m[00;32mcompute_api_class : nova.compute.api.API[00m [00;33mfrom (pid=29612) wait /opt/stack/nova/nova/service.py:207[00m
2013-07-25 00:56:43.241 [00;32mDEBUG nova.service [[00;36m-[00;32m] [01;35m[00;32mdefault_publisher_id : red.cs.adelaide.edu.au[00m [00;33mfrom (pid=29612) wait /opt/stack/nova/nova/service.py:207[00m
2013-07-25 00:56:43.241 [00;32mDEBUG nova.service [[00;36m-[00;32m] [01;35m[00;32msql_max_pool_size : 5[00m [00;33mfrom (pid=29612) wait /opt/stack/nova/nova/service.py:207[00m
2013-07-25 00:56:43.241 [00;32mDEBUG nova.service [[00;36m-[00;32m] [01;35m[00;32mec2_listen : 0.0.0.0[00m [00;33mfrom (pid=29612) wait /opt/stack/nova/nova/service.py:207[00m
2013-07-25 00:56:43.242 [00;32mDEBUG nova.service [[00;36m-[00;32m] [01;35m[00;32mnotify_on_any_change : False[00m [00;33mfrom (pid=29612) wait /opt/stack/nova/nova/service.py:207[00m
2013-07-25 00:56:43.242 [00;32mDEBUG nova.service [[00;36m-[00;32m] [01;35m[00;32mec2_private_dns_show_ip : False[00m [00;33mfrom (pid=29612) wait /opt/stack/nova/nova/service.py:207[00m
2013-07-25 00:56:43.242 [00;32mDEBUG nova.service [[00;36m-[00;32m] [01;35m[00;32msnapshot_name_template : snapshot-%s[00m [00;33mfrom (pid=29612) wait /opt/stack/nova/nova/service.py:207[00m
2013-07-25 00:56:43.242 [00;32mDEBUG nova.service [[00;36m-[00;32m] [01;35m[00;32mquota_cores : 20[00m [00;33mfrom (pid=29612) wait /opt/stack/nova/nova/service.py:207[00m
2013-07-25 00:56:43.242 [00;32mDEBUG nova.service [[00;36m-[00;32m] [01;35m[00;32mquota_driver : nova.quota.DbQuotaDriver[00m [00;33mfrom (pid=29612) wait /opt/stack/nova/nova/service.py:207[00m
2013-07-25 00:56:43.242 [00;32mDEBUG nova.service [[00;36m-[00;32m] [01;35m[00;32mdebug : True[00m [00;33mfrom (pid=29612) wait /opt/stack/nova/nova/service.py:207[00m
2013-07-25 00:56:43.243 [00;32mDEBUG nova.service [[00;36m-[00;32m] [01;35m[00;32muse_project_ca : False[00m [00;33mfrom (pid=29612) wait /opt/stack/nova/nova/service.py:207[00m
2013-07-25 00:56:43.243 [00;32mDEBUG nova.service [[00;36m-[00;32m] [01;35m[00;32mpolicy_file : policy.json[00m [00;33mfrom (pid=29612) wait /opt/stack/nova/nova/service.py:207[00m
2013-07-25 00:56:43.243 [00;32mDEBUG nova.service [[00;36m-[00;32m] [01;35m[00;32mperiodic_fuzzy_delay : 60[00m [00;33mfrom (pid=29612) wait /opt/stack/nova/nova/service.py:207[00m
2013-07-25 00:56:43.243 [00;32mDEBUG nova.service [[00;36m-[00;32m] [01;35m[00;32mlock_path : /opt/stack/data/nova[00m [00;33mfrom (pid=29612) wait /opt/stack/nova/nova/service.py:207[00m
2013-07-25 00:56:43.243 [00;32mDEBUG nova.service [[00;36m-[00;32m] [01;35m[00;32mrpc_cast_timeout : 30[00m [00;33mfrom (pid=29612) wait /opt/stack/nova/nova/service.py:207[00m
2013-07-25 00:56:43.243 [00;32mDEBUG nova.service [[00;36m-[00;32m] [01;35m[00;32muntil_refresh : 0[00m [00;33mfrom (pid=29612) wait /opt/stack/nova/nova/service.py:207[00m
2013-07-25 00:56:43.244 [00;32mDEBUG nova.service [[00;36m-[00;32m] [01;35m[00;32mconfig_dir : None[00m [00;33mfrom (pid=29612) wait /opt/stack/nova/nova/service.py:207[00m
2013-07-25 00:56:43.244 [00;32mDEBUG nova.service [[00;36m-[00;32m] [01;35m[00;32mlog_config : None[00m [00;33mfrom (pid=29612) wait /opt/stack/nova/nova/service.py:207[00m
2013-07-25 00:56:43.244 [00;32mDEBUG nova.service [[00;36m-[00;32m] [01;35m[00;32muse_stderr : True[00m [00;33mfrom (pid=29612) wait /opt/stack/nova/nova/service.py:207[00m
2013-07-25 00:56:43.244 [00;32mDEBUG nova.service [[00;36m-[00;32m] [01;35m[00;32ms3_listen_port : 3333[00m [00;33mfrom (pid=29612) wait /opt/stack/nova/nova/service.py:207[00m
2013-07-25 00:56:43.244 [00;32mDEBUG nova.service [[00;36m-[00;32m] [01;35m[00;32mfatal_deprecations : False[00m [00;33mfrom (pid=29612) wait /opt/stack/nova/nova/service.py:207[00m
2013-07-25 00:56:43.244 [00;32mDEBUG nova.service [[00;36m-[00;32m] [01;35m[00;32mlogfile_mode : 0644[00m [00;33mfrom (pid=29612) wait /opt/stack/nova/nova/service.py:207[00m
2013-07-25 00:56:43.244 [00;32mDEBUG nova.service [[00;36m-[00;32m] [01;35m[00;32mdefault_ephemeral_format : None[00m [00;33mfrom (pid=29612) wait /opt/stack/nova/nova/service.py:207[00m
2013-07-25 00:56:43.245 [00;32mDEBUG nova.service [[00;36m-[00;32m] [01;35m[00;32mlogging_context_format_string : %(asctime)s.%(msecs)03d %(color)s%(levelname)s %(name)s [[01;36m%(request_id)s [00;36m%(user_name)s %(project_name)s%(color)s] [01;35m%(instance)s%(color)s%(message)s[00m[00m [00;33mfrom (pid=29612) wait /opt/stack/nova/nova/service.py:207[00m
2013-07-25 00:56:43.245 [00;32mDEBUG nova.service [[00;36m-[00;32m] [01;35m[00;32mquota_injected_file_content_bytes : 10240[00m [00;33mfrom (pid=29612) wait /opt/stack/nova/nova/service.py:207[00m
2013-07-25 00:56:43.245 [00;32mDEBUG nova.service [[00;36m-[00;32m] [01;35m[00;32mperiodic_enable : True[00m [00;33mfrom (pid=29612) wait /opt/stack/nova/nova/service.py:207[00m
2013-07-25 00:56:43.245 [00;32mDEBUG nova.service [[00;36m-[00;32m] [01;35m[00;32minstance_name_template : instance-%08x[00m [00;33mfrom (pid=29612) wait /opt/stack/nova/nova/service.py:207[00m
2013-07-25 00:56:43.245 [00;32mDEBUG nova.service [[00;36m-[00;32m] [01;35m[00;32minstance_usage_audit_period : month[00m [00;33mfrom (pid=29612) wait /opt/stack/nova/nova/service.py:207[00m
2013-07-25 00:56:43.245 [00;32mDEBUG nova.service [[00;36m-[00;32m] [01;35m[00;32mlog_dir : None[00m [00;33mfrom (pid=29612) wait /opt/stack/nova/nova/service.py:207[00m
2013-07-25 00:56:43.246 [00;32mDEBUG nova.service [[00;36m-[00;32m] [01;35m[00;32mcert_manager : nova.cert.manager.CertManager[00m [00;33mfrom (pid=29612) wait /opt/stack/nova/nova/service.py:207[00m
2013-07-25 00:56:43.246 [00;32mDEBUG nova.service [[00;36m-[00;32m] [01;35m[00;32msql_connection : FLAG SET [00m [00;33mfrom (pid=29612) wait /opt/stack/nova/nova/service.py:205[00m
2013-07-25 00:56:43.246 [00;32mDEBUG nova.service [[00;36m-[00;32m] [01;35m[00;32mquota_metadata_items : 128[00m [00;33mfrom (pid=29612) wait /opt/stack/nova/nova/service.py:207[00m
2013-07-25 00:56:43.246 [00;32mDEBUG nova.service [[00;36m-[00;32m] [01;35m[00;32mlogging_debug_format_suffix : [00;33mfrom (pid=%(process)d) %(funcName)s %(pathname)s:%(lineno)d[00m[00m [00;33mfrom (pid=29612) wait /opt/stack/nova/nova/service.py:207[00m
2013-07-25 00:56:43.246 [00;32mDEBUG nova.service [[00;36m-[00;32m] [01;35m[00;32mconsole_manager : nova.console.manager.ConsoleProxyManager[00m [00;33mfrom (pid=29612) wait /opt/stack/nova/nova/service.py:207[00m
2013-07-25 00:56:43.247 [00;32mDEBUG nova.service [[00;36m-[00;32m] [01;35m[00;32mkeystone_ec2_url : http://localhost:5000/v2.0/ec2tokens[00m [00;33mfrom (pid=29612) wait /opt/stack/nova/nova/service.py:207[00m
2013-07-25 00:56:43.247 [00;32mDEBUG nova.service [[00;36m-[00;32m] [01;35m[00;32mrpc_backend : nova.openstack.common.rpc.impl_kombu[00m [00;33mfrom (pid=29612) wait /opt/stack/nova/nova/service.py:207[00m
2013-07-25 00:56:43.247 [00;32mDEBUG nova.service [[00;36m-[00;32m] [01;35m[00;32mdefault_log_levels : ['amqplib=WARN', 'sqlalchemy=WARN', 'boto=WARN', 'suds=INFO', 'keystone=INFO', 'eventlet.wsgi.server=WARN'][00m [00;33mfrom (pid=29612) wait /opt/stack/nova/nova/service.py:207[00m
2013-07-25 00:56:43.247 [00;32mDEBUG nova.service [[00;36m-[00;32m] [01;35m[00;32mbuckets_path : /opt/stack/data/nova/buckets[00m [00;33mfrom (pid=29612) wait /opt/stack/nova/nova/service.py:207[00m
2013-07-25 00:56:43.247 [00;32mDEBUG nova.service [[00;36m-[00;32m] [01;35m[00;32mec2_strict_validation : True[00m [00;33mfrom (pid=29612) wait /opt/stack/nova/nova/service.py:207[00m
2013-07-25 00:56:43.247 [00;32mDEBUG nova.service [[00;36m-[00;32m] [01;35m[00;32mapi_rate_limit : True[00m [00;33mfrom (pid=29612) wait /opt/stack/nova/nova/service.py:207[00m
2013-07-25 00:56:43.248 [00;32mDEBUG nova.service [[00;36m-[00;32m] [01;35m[00;32mhost : red.cs.adelaide.edu.au[00m [00;33mfrom (pid=29612) wait /opt/stack/nova/nova/service.py:207[00m
2013-07-25 00:56:43.248 [00;32mDEBUG nova.service [[00;36m-[00;32m] [01;35m[00;32mnon_inheritable_image_properties : ['cache_in_nova', 'bittorrent'][00m [00;33mfrom (pid=29612) wait /opt/stack/nova/nova/service.py:207[00m
2013-07-25 00:56:43.248 [00;32mDEBUG nova.service [[00;36m-[00;32m] [01;35m[00;32mssl_cert_file : None[00m [00;33mfrom (pid=29612) wait /opt/stack/nova/nova/service.py:207[00m
2013-07-25 00:56:43.248 [00;32mDEBUG nova.service [[00;36m-[00;32m] [01;35m[00;32mkey_file : private/cakey.pem[00m [00;33mfrom (pid=29612) wait /opt/stack/nova/nova/service.py:207[00m
2013-07-25 00:56:43.248 [00;32mDEBUG nova.service [[00;36m-[00;32m] [01;35m[00;32mquota_floating_ips : 10[00m [00;33mfrom (pid=29612) wait /opt/stack/nova/nova/service.py:207[00m
2013-07-25 00:56:43.248 [00;32mDEBUG nova.service [[00;36m-[00;32m] [01;35m[00;32mlockout_window : 15[00m [00;33mfrom (pid=29612) wait /opt/stack/nova/nova/service.py:207[00m
2013-07-25 00:56:43.249 [00;32mDEBUG nova.service [[00;36m-[00;32m] [01;35m[00;32mdb_backend : sqlalchemy[00m [00;33mfrom (pid=29612) wait /opt/stack/nova/nova/service.py:207[00m
2013-07-25 00:56:43.249 [00;32mDEBUG nova.service [[00;36m-[00;32m] [01;35m[00;32msql_retry_interval : 10[00m [00;33mfrom (pid=29612) wait /opt/stack/nova/nova/service.py:207[00m
2013-07-25 00:56:43.249 [00;32mDEBUG nova.service [[00;36m-[00;32m] [01;35m[00;32msecurity_group_api : nova[00m [00;33mfrom (pid=29612) wait /opt/stack/nova/nova/service.py:207[00m
2013-07-25 00:56:43.249 [00;32mDEBUG nova.service [[00;36m-[00;32m] [01;35m[00;32mreservation_expire : 86400[00m [00;33mfrom (pid=29612) wait /opt/stack/nova/nova/service.py:207[00m
2013-07-25 00:56:43.249 [00;32mDEBUG nova.service [[00;36m-[00;32m] [01;35m[00;32menabled_ssl_apis : [][00m [00;33mfrom (pid=29612) wait /opt/stack/nova/nova/service.py:207[00m
2013-07-25 00:56:43.250 [00;32mDEBUG nova.service [[00;36m-[00;32m] [01;35m[00;32mcrl_file : crl.pem[00m [00;33mfrom (pid=29612) wait /opt/stack/nova/nova/service.py:207[00m
2013-07-25 00:56:43.250 [00;32mDEBUG nova.service [[00;36m-[00;32m] [01;35m[00;32msql_min_pool_size : 1[00m [00;33mfrom (pid=29612) wait /opt/stack/nova/nova/service.py:207[00m
2013-07-25 00:56:43.251 [00;32mDEBUG nova.service [[00;36m-[00;32m] [01;35m[00;32mmonkey_patch : False[00m [00;33mfrom (pid=29612) wait /opt/stack/nova/nova/service.py:207[00m
2013-07-25 00:56:43.251 [00;32mDEBUG nova.service [[00;36m-[00;32m] [01;35m[00;32mrpc_conn_pool_size : 30[00m [00;33mfrom (pid=29612) wait /opt/stack/nova/nova/service.py:207[00m
2013-07-25 00:56:43.252 [00;32mDEBUG nova.service [[00;36m-[00;32m] [01;35m[00;32msqlite_synchronous : True[00m [00;33mfrom (pid=29612) wait /opt/stack/nova/nova/service.py:207[00m
2013-07-25 00:56:43.252 [00;32mDEBUG nova.service [[00;36m-[00;32m] [01;35m[00;32mdefault_availability_zone : nova[00m [00;33mfrom (pid=29612) wait /opt/stack/nova/nova/service.py:207[00m
2013-07-25 00:56:43.252 [00;32mDEBUG nova.service [[00;36m-[00;32m] [01;35m[00;32mscheduler_topic : scheduler[00m [00;33mfrom (pid=29612) wait /opt/stack/nova/nova/service.py:207[00m
2013-07-25 00:56:43.252 [00;32mDEBUG nova.service [[00;36m-[00;32m] [01;35m[00;32mverbose : True[00m [00;33mfrom (pid=29612) wait /opt/stack/nova/nova/service.py:207[00m
2013-07-25 00:56:43.252 [00;32mDEBUG nova.service [[00;36m-[00;32m] [01;35m[00;32msql_max_retries : 10[00m [00;33mfrom (pid=29612) wait /opt/stack/nova/nova/service.py:207[00m
2013-07-25 00:56:43.252 [00;32mDEBUG nova.service [[00;36m-[00;32m] [01;35m[00;32mdefault_instance_type : m1.small[00m [00;33mfrom (pid=29612) wait /opt/stack/nova/nova/service.py:207[00m
2013-07-25 00:56:43.253 [00;32mDEBUG nova.service [[00;36m-[00;32m] [01;35m[00;32mmetadata_listen : 0.0.0.0[00m [00;33mfrom (pid=29612) wait /opt/stack/nova/nova/service.py:207[00m
2013-07-25 00:56:43.253 [00;32mDEBUG nova.service [[00;36m-[00;32m] [01;35m[00;32mmetadata_workers : None[00m [00;33mfrom (pid=29612) wait /opt/stack/nova/nova/service.py:207[00m
2013-07-25 00:56:43.253 [00;32mDEBUG nova.service [[00;36m-[00;32m] [01;35m[00;32mpreallocate_images : none[00m [00;33mfrom (pid=29612) wait /opt/stack/nova/nova/service.py:207[00m
2013-07-25 00:56:43.253 [00;32mDEBUG nova.service [[00;36m-[00;32m] [01;35m[00;32mtcp_keepidle : 600[00m [00;33mfrom (pid=29612) wait /opt/stack/nova/nova/service.py:207[00m
2013-07-25 00:56:43.253 [00;32mDEBUG nova.service [[00;36m-[00;32m] [01;35m[00;32mquota_injected_files : 5[00m [00;33mfrom (pid=29612) wait /opt/stack/nova/nova/service.py:207[00m
2013-07-25 00:56:43.253 [00;32mDEBUG nova.service [[00;36m-[00;32m] [01;35m[00;32mnull_kernel : nokernel[00m [00;33mfrom (pid=29612) wait /opt/stack/nova/nova/service.py:207[00m
2013-07-25 00:56:43.254 [00;32mDEBUG nova.service [[00;36m-[00;32m] [01;35m[00;32mquota_key_pairs : FLAG SET [00m [00;33mfrom (pid=29612) wait /opt/stack/nova/nova/service.py:205[00m
2013-07-25 00:56:43.254 [00;32mDEBUG nova.service [[00;36m-[00;32m] [01;35m[00;32minstance_format : [instance: %(uuid)s] [00m [00;33mfrom (pid=29612) wait /opt/stack/nova/nova/service.py:207[00m
2013-07-25 00:56:43.254 [00;32mDEBUG nova.service [[00;36m-[00;32m] [01;35m[00;32mrpc_response_timeout : 60[00m [00;33mfrom (pid=29612) wait /opt/stack/nova/nova/service.py:207[00m
2013-07-25 00:56:43.254 [00;32mDEBUG nova.service [[00;36m-[00;32m] [01;35m[00;32mservice_down_time : 60[00m [00;33mfrom (pid=29612) wait /opt/stack/nova/nova/service.py:207[00m
2013-07-25 00:56:43.254 [00;32mDEBUG nova.service [[00;36m-[00;32m] [01;35m[00;32mdefault_notification_level : INFO[00m [00;33mfrom (pid=29612) wait /opt/stack/nova/nova/service.py:207[00m
2013-07-25 00:56:43.254 [00;32mDEBUG nova.service [[00;36m-[00;32m] [01;35m[00;32mpublish_errors : False[00m [00;33mfrom (pid=29612) wait /opt/stack/nova/nova/service.py:207[00m
2013-07-25 00:56:43.255 [00;32mDEBUG nova.service [[00;36m-[00;32m] [01;35m[00;32mconsoleauth_topic : consoleauth[00m [00;33mfrom (pid=29612) wait /opt/stack/nova/nova/service.py:207[00m
2013-07-25 00:56:43.255 [00;32mDEBUG nova.service [[00;36m-[00;32m] [01;35m[00;32muse_forwarded_for : False[00m [00;33mfrom (pid=29612) wait /opt/stack/nova/nova/service.py:207[00m
2013-07-25 00:56:43.255 [00;32mDEBUG nova.service [[00;36m-[00;32m] [01;35m[00;32mlogging_exception_prefix : %(color)s%(asctime)s.%(msecs)03d TRACE %(name)s [01;35m%(instance)s[00m[00m [00;33mfrom (pid=29612) wait /opt/stack/nova/nova/service.py:207[00m
2013-07-25 00:56:43.255 [00;32mDEBUG nova.service [[00;36m-[00;32m] [01;35m[00;32menabled_apis : ['ec2', 'osapi_compute', 'metadata'][00m [00;33mfrom (pid=29612) wait /opt/stack/nova/nova/service.py:207[00m
2013-07-25 00:56:43.255 [00;32mDEBUG nova.service [[00;36m-[00;32m] [01;35m[00;32mvolume_api_class : nova.volume.cinder.API[00m [00;33mfrom (pid=29612) wait /opt/stack/nova/nova/service.py:207[00m
2013-07-25 00:56:43.256 [00;32mDEBUG nova.service [[00;36m-[00;32m] [01;35m[00;32mec2_timestamp_expiry : 300[00m [00;33mfrom (pid=29612) wait /opt/stack/nova/nova/service.py:207[00m
2013-07-25 00:56:43.256 [00;32mDEBUG nova.service [[00;36m-[00;32m] [01;35m[00;32mreport_interval : 10[00m [00;33mfrom (pid=29612) wait /opt/stack/nova/nova/service.py:207[00m
2013-07-25 00:56:43.256 [00;32mDEBUG nova.service [[00;36m-[00;32m] [01;35m[00;32mscheduler_manager : nova.scheduler.manager.SchedulerManager[00m [00;33mfrom (pid=29612) wait /opt/stack/nova/nova/service.py:207[00m
2013-07-25 00:56:43.256 [00;32mDEBUG nova.service [[00;36m-[00;32m] [01;35m[00;32mmonkey_patch_modules : ['nova.api.ec2.cloud:nova.openstack.common.notifier.api.notify_decorator', 'nova.compute.api:nova.openstack.common.notifier.api.notify_decorator'][00m [00;33mfrom (pid=29612) wait /opt/stack/nova/nova/service.py:207[00m
2013-07-25 00:56:43.256 [00;32mDEBUG nova.service [[00;36m-[00;32m] [01;35m[00;32mrpc_thread_pool_size : 64[00m [00;33mfrom (pid=29612) wait /opt/stack/nova/nova/service.py:207[00m
2013-07-25 00:56:43.256 [00;32mDEBUG nova.service [[00;36m-[00;32m] [01;35m[00;32mec2_listen_port : 8773[00m [00;33mfrom (pid=29612) wait /opt/stack/nova/nova/service.py:207[00m
2013-07-25 00:56:43.257 [00;32mDEBUG nova.service [[00;36m-[00;32m] [01;35m[00;32mca_file : cacert.pem[00m [00;33mfrom (pid=29612) wait /opt/stack/nova/nova/service.py:207[00m
2013-07-25 00:56:43.257 [00;32mDEBUG nova.service [[00;36m-[00;32m] [01;35m[00;32mkeys_path : /opt/stack/data/nova/keys[00m [00;33mfrom (pid=29612) wait /opt/stack/nova/nova/service.py:207[00m
2013-07-25 00:56:43.257 [00;32mDEBUG nova.service [[00;36m-[00;32m] [01;35m[00;32mglance_num_retries : 0[00m [00;33mfrom (pid=29612) wait /opt/stack/nova/nova/service.py:207[00m
2013-07-25 00:56:43.257 [00;32mDEBUG nova.service [[00;36m-[00;32m] [01;35m[00;32mdisable_process_locking : False[00m [00;33mfrom (pid=29612) wait /opt/stack/nova/nova/service.py:207[00m
2013-07-25 00:56:43.257 [00;32mDEBUG nova.service [[00;36m-[00;32m] [01;35m[00;32mallowed_rpc_exception_modules : ['nova.openstack.common.exception', 'nova.exception', 'cinder.exception', 'exceptions'][00m [00;33mfrom (pid=29612) wait /opt/stack/nova/nova/service.py:207[00m
2013-07-25 00:56:43.258 [00;32mDEBUG nova.service [[00;36m-[00;32m] [01;35m[00;32mallowed_direct_url_schemes : [][00m [00;33mfrom (pid=29612) wait /opt/stack/nova/nova/service.py:207[00m
2013-07-25 00:56:43.258 [00;32mDEBUG nova.service [[00;36m-[00;32m] [01;35m[00;32mglance_protocol : http[00m [00;33mfrom (pid=29612) wait /opt/stack/nova/nova/service.py:207[00m
2013-07-25 00:56:43.258 [00;32mDEBUG nova.service [[00;36m-[00;32m] [01;35m[00;32mstate_path : /opt/stack/data/nova[00m [00;33mfrom (pid=29612) wait /opt/stack/nova/nova/service.py:207[00m
2013-07-25 00:56:43.258 [00;32mDEBUG nova.service [[00;36m-[00;32m] [01;35m[00;32msql_idle_timeout : 3600[00m [00;33mfrom (pid=29612) wait /opt/stack/nova/nova/service.py:207[00m
2013-07-25 00:56:43.258 [00;32mDEBUG nova.service [[00;36m-[00;32m] [01;35m[00;32mglance_host : 129.127.10.133[00m [00;33mfrom (pid=29612) wait /opt/stack/nova/nova/service.py:207[00m
2013-07-25 00:56:43.258 [00;32mDEBUG nova.service [[00;36m-[00;32m] [01;35m[00;32mssl_ca_file : None[00m [00;33mfrom (pid=29612) wait /opt/stack/nova/nova/service.py:207[00m
2013-07-25 00:56:43.259 [00;32mDEBUG nova.service [[00;36m-[00;32m] [01;35m[00;32muse_ipv6 : False[00m [00;33mfrom (pid=29612) wait /opt/stack/nova/nova/service.py:207[00m
2013-07-25 00:56:43.259 [00;32mDEBUG nova.service [[00;36m-[00;32m] [01;35m[00;32mlog_format : %(asctime)s %(levelname)8s [%(name)s] %(message)s[00m [00;33mfrom (pid=29612) wait /opt/stack/nova/nova/service.py:207[00m
2013-07-25 00:56:43.259 [00;32mDEBUG nova.service [[00;36m-[00;32m] [01;35m[00;32muse_cow_images : True[00m [00;33mfrom (pid=29612) wait /opt/stack/nova/nova/service.py:207[00m
2013-07-25 00:56:43.259 [00;32mDEBUG nova.service [[00;36m-[00;32m] [01;35m[00;32mec2_workers : None[00m [00;33mfrom (pid=29612) wait /opt/stack/nova/nova/service.py:207[00m
2013-07-25 00:56:43.259 [00;32mDEBUG nova.service [[00;36m-[00;32m] [01;35m[00;32mnetwork_manager : nova.network.manager.FlatDHCPManager[00m [00;33mfrom (pid=29612) wait /opt/stack/nova/nova/service.py:207[00m
2013-07-25 00:56:43.259 [00;32mDEBUG nova.service [[00;36m-[00;32m] [01;35m[00;32mmemcached_servers : None[00m [00;33mfrom (pid=29612) wait /opt/stack/nova/nova/service.py:207[00m
2013-07-25 00:56:43.260 [00;32mDEBUG nova.service [[00;36m-[00;32m] [01;35m[00;32mlogging_default_format_string : %(asctime)s.%(msecs)03d %(color)s%(levelname)s %(name)s [[00;36m-%(color)s] [01;35m%(instance)s%(color)s%(message)s[00m[00m [00;33mfrom (pid=29612) wait /opt/stack/nova/nova/service.py:207[00m
2013-07-25 00:56:43.260 [00;32mDEBUG nova.service [[00;36m-[00;32m] [01;35m[00;32mcompute_driver : libvirt.LibvirtDriver[00m [00;33mfrom (pid=29612) wait /opt/stack/nova/nova/service.py:207[00m
2013-07-25 00:56:43.260 [00;32mDEBUG nova.service [[00;36m-[00;32m] [01;35m[00;32mfake_rabbit : False[00m [00;33mfrom (pid=29612) wait /opt/stack/nova/nova/service.py:207[00m
2013-07-25 00:56:43.260 [00;32mDEBUG nova.service [[00;36m-[00;32m] [01;35m[00;32mlog_date_format : %Y-%m-%d %H:%M:%S[00m [00;33mfrom (pid=29612) wait /opt/stack/nova/nova/service.py:207[00m
2013-07-25 00:56:43.260 [00;32mDEBUG nova.service [[00;36m-[00;32m] [01;35m[00;32mca_path : /opt/stack/data/nova/CA[00m [00;33mfrom (pid=29612) wait /opt/stack/nova/nova/service.py:207[00m
2013-07-25 00:56:43.260 [00;32mDEBUG nova.service [[00;36m-[00;32m] [01;35m[00;32muse_syslog : False[00m [00;33mfrom (pid=29612) wait /opt/stack/nova/nova/service.py:207[00m
2013-07-25 00:56:43.261 [00;32mDEBUG nova.service [[00;36m-[00;32m] [01;35m[00;32msql_connection_trace : False[00m [00;33mfrom (pid=29612) wait /opt/stack/nova/nova/service.py:207[00m
2013-07-25 00:56:43.261 [00;32mDEBUG nova.service [[00;36m-[00;32m] [01;35m[00;32mwsgi_log_format : %(client_ip)s "%(request_line)s" status: %(status_code)s len: %(body_length)s time: %(wall_seconds).7f[00m [00;33mfrom (pid=29612) wait /opt/stack/nova/nova/service.py:207[00m
2013-07-25 00:56:43.261 [00;32mDEBUG nova.service [[00;36m-[00;32m] [01;35m[00;32msyslog_log_facility : LOG_USER[00m [00;33mfrom (pid=29612) wait /opt/stack/nova/nova/service.py:207[00m
2013-07-25 00:56:43.261 [00;32mDEBUG nova.service [[00;36m-[00;32m] [01;35m[00;32mtempdir : None[00m [00;33mfrom (pid=29612) wait /opt/stack/nova/nova/service.py:207[00m
2013-07-25 00:56:43.261 [00;32mDEBUG nova.service [[00;36m-[00;32m] [01;35m[00;32mservicegroup_driver : db[00m [00;33mfrom (pid=29612) wait /opt/stack/nova/nova/service.py:207[00m
2013-07-25 00:56:43.262 [00;32mDEBUG nova.service [[00;36m-[00;32m] [01;35m[00;32mdbapi_use_tpool : False[00m [00;33mfrom (pid=29612) wait /opt/stack/nova/nova/service.py:207[00m
2013-07-25 00:56:43.262 [00;32mDEBUG nova.service [[00;36m-[00;32m] [01;35m[00;32mbindir : /opt/stack/nova/bin[00m [00;33mfrom (pid=29612) wait /opt/stack/nova/nova/service.py:207[00m
2013-07-25 00:56:43.262 [00;32mDEBUG nova.service [[00;36m-[00;32m] [01;35m[00;32mauth_strategy : keystone[00m [00;33mfrom (pid=29612) wait /opt/stack/nova/nova/service.py:207[00m
2013-07-25 00:56:43.262 [00;32mDEBUG nova.service [[00;36m-[00;32m] [01;35m[00;32mconfig_file : ['/etc/nova/nova.conf'][00m [00;33mfrom (pid=29612) wait /opt/stack/nova/nova/service.py:207[00m
2013-07-25 00:56:43.262 [00;32mDEBUG nova.service [[00;36m-[00;32m] [01;35m[00;32mnetwork_api_class : nova.network.api.API[00m [00;33mfrom (pid=29612) wait /opt/stack/nova/nova/service.py:207[00m
2013-07-25 00:56:43.262 [00;32mDEBUG nova.service [[00;36m-[00;32m] [01;35m[00;32mfatal_exception_format_errors : False[00m [00;33mfrom (pid=29612) wait /opt/stack/nova/nova/service.py:207[00m
2013-07-25 00:56:43.263 [00;32mDEBUG nova.service [[00;36m-[00;32m] [01;35m[00;32mlockout_minutes : 15[00m [00;33mfrom (pid=29612) wait /opt/stack/nova/nova/service.py:207[00m
2013-07-25 00:56:43.263 [00;32mDEBUG nova.service [[00;36m-[00;32m] [01;35m[00;32minstance_uuid_format : [instance: %(uuid)s] [00m [00;33mfrom (pid=29612) wait /opt/stack/nova/nova/service.py:207[00m
2013-07-25 00:56:43.263 [00;32mDEBUG nova.service [[00;36m-[00;32m] [01;35m[00;32mdb_driver : nova.db[00m [00;33mfrom (pid=29612) wait /opt/stack/nova/nova/service.py:207[00m
2013-07-25 00:56:43.263 [00;32mDEBUG nova.service [[00;36m-[00;32m] [01;35m[00;32mglance_api_insecure : False[00m [00;33mfrom (pid=29612) wait /opt/stack/nova/nova/service.py:207[00m
2013-07-25 00:56:43.263 [00;32mDEBUG nova.service [[00;36m-[00;32m] [01;35m[00;32mpybasedir : /opt/stack/nova[00m [00;33mfrom (pid=29612) wait /opt/stack/nova/nova/service.py:207[00m
2013-07-25 00:56:43.264 [00;32mDEBUG nova.service [[00;36m-[00;32m] [01;35m[00;32mmetadata_manager : nova.api.manager.MetadataManager[00m [00;33mfrom (pid=29612) wait /opt/stack/nova/nova/service.py:207[00m
2013-07-25 00:56:43.264 [00;32mDEBUG nova.service [[00;36m-[00;32m] [01;35m[00;32ms3_listen : 0.0.0.0[00m [00;33mfrom (pid=29612) wait /opt/stack/nova/nova/service.py:207[00m
2013-07-25 00:56:43.264 [00;32mDEBUG nova.service [[00;36m-[00;32m] [01;35m[00;32mapi_paste_config : /etc/nova/api-paste.ini[00m [00;33mfrom (pid=29612) wait /opt/stack/nova/nova/service.py:207[00m
2013-07-25 00:56:43.264 [00;32mDEBUG nova.service [[00;36m-[00;32m] [01;35m[00;32mquota_security_group_rules : 20[00m [00;33mfrom (pid=29612) wait /opt/stack/nova/nova/service.py:207[00m
2013-07-25 00:56:43.264 [00;32mDEBUG nova.service [[00;36m-[00;32m] [01;35m[00;32mcompute_manager : nova.compute.manager.ComputeManager[00m [00;33mfrom (pid=29612) wait /opt/stack/nova/nova/service.py:207[00m
2013-07-25 00:56:43.264 [00;32mDEBUG nova.service [[00;36m-[00;32m] [01;35m[00;32mnotify_on_state_change : None[00m [00;33mfrom (pid=29612) wait /opt/stack/nova/nova/service.py:207[00m
2013-07-25 00:56:43.265 [00;32mDEBUG nova.service [[00;36m-[00;32m] [01;35m[00;32mquota_instances : 10[00m [00;33mfrom (pid=29612) wait /opt/stack/nova/nova/service.py:207[00m
2013-07-25 00:56:43.265 [00;32mDEBUG nova.service [[00;36m-[00;32m] [01;35m[00;32mnotify_api_faults : False[00m [00;33mfrom (pid=29612) wait /opt/stack/nova/nova/service.py:207[00m
2013-07-25 00:56:43.265 [00;32mDEBUG nova.service [[00;36m-[00;32m] [01;35m[00;32mproject_cert_subject : /C=US/ST=California/O=OpenStack/OU=NovaDev/CN=project-ca-%.16s-%s[00m [00;33mfrom (pid=29612) wait /opt/stack/nova/nova/service.py:207[00m
2013-07-25 00:56:43.265 [00;32mDEBUG nova.service [[00;36m-[00;32m] [01;35m[00;32mpolicy_default_rule : default[00m [00;33mfrom (pid=29612) wait /opt/stack/nova/nova/service.py:207[00m
2013-07-25 00:56:43.265 [00;32mDEBUG nova.service [[00;36m-[00;32m] [01;35m[00;32mcontrol_exchange : nova[00m [00;33mfrom (pid=29612) wait /opt/stack/nova/nova/service.py:207[00m
2013-07-25 00:56:43.265 [00;32mDEBUG nova.service [[00;36m-[00;32m] [01;35m[00;32mmulti_instance_display_name_template : %(name)s-%(uuid)s[00m [00;33mfrom (pid=29612) wait /opt/stack/nova/nova/service.py:207[00m
2013-07-25 00:56:43.266 [00;32mDEBUG nova.service [[00;36m-[00;32m] [01;35m[00;32minternal_service_availability_zone : internal[00m [00;33mfrom (pid=29612) wait /opt/stack/nova/nova/service.py:207[00m
2013-07-25 00:56:43.266 [00;32mDEBUG nova.service [[00;36m-[00;32m] [01;35m[00;32mlog_file : None[00m [00;33mfrom (pid=29612) wait /opt/stack/nova/nova/service.py:207[00m
2013-07-25 00:56:43.266 [00;32mDEBUG nova.service [[00;36m-[00;32m] [01;35m[00;32msql_max_overflow : None[00m [00;33mfrom (pid=29612) wait /opt/stack/nova/nova/service.py:207[00m
2013-07-25 00:56:43.266 [00;32mDEBUG nova.service [[00;36m-[00;32m] [01;35m[00;32mcells : <oslo.config.cfg.GroupAttr object at 0x96776ec>[00m [00;33mfrom (pid=29612) wait /opt/stack/nova/nova/service.py:207[00m
2013-07-25 00:56:43.266 [00;32mDEBUG nova.service [[00;36m-[00;32m] [01;35m[00;32mconductor : <oslo.config.cfg.GroupAttr object at 0x967774c>[00m [00;33mfrom (pid=29612) wait /opt/stack/nova/nova/service.py:207[00m
2013-07-25 00:56:43.266 [00;32mDEBUG nova.service [[00;36m-[00;32m] [01;35m[00;32mrun_server in class Launcher. [00m [00;33mfrom (pid=29612) run_server /opt/stack/nova/nova/service.py:146[00m
2013-07-25 00:56:43.267 [00;32mDEBUG nova.service [[00;36m-[00;32m] [01;35m[00;32mAfter server.start() method in run_server() in Launcher class.[00m [00;33mfrom (pid=29612) run_server /opt/stack/nova/nova/service.py:148[00m
2013-07-25 00:56:43.267 [00;36mINFO nova.S3 Objectstore.wsgi.server [[00;36m-[00;36m] [01;35m[00;36m(29612) wsgi starting up on http://0.0.0.0:3333/
[00m
